{"/home/travis/build/npmtest/node-npmtest-chimp/test.js":{"path":"/home/travis/build/npmtest/node-npmtest-chimp/test.js","s":{"1":2,"2":2,"3":2,"4":2,"5":2,"6":2,"7":2,"8":1,"9":2,"10":2,"11":1,"12":1,"13":1,"14":1,"15":2,"16":2,"17":2,"18":2,"19":1,"20":1,"21":2,"22":2,"23":2,"24":1,"25":1,"26":1,"27":1,"28":1,"29":1,"30":1,"31":1,"32":1,"33":1,"34":1,"35":1,"36":1,"37":1,"38":1,"39":2,"40":2,"41":1,"42":2,"43":2,"44":1,"45":2,"46":2,"47":1,"48":2,"49":2,"50":1,"51":1,"52":1,"53":1,"54":1},"b":{"1":[2,1,1,1],"2":[1,1,1,1],"3":[1,1],"4":[1,1],"5":[1,1],"6":[1,1],"7":[1,1],"8":[1,1],"9":[1,1],"10":[1,1,1],"11":[1,1],"12":[1,1],"13":[1,1],"14":[1,1],"15":[1,1],"16":[1,1],"17":[1,1]},"f":{"1":2,"2":2,"3":2,"4":2,"5":2,"6":1,"7":1,"8":1,"9":2,"10":2,"11":2,"12":2,"13":1},"fnMap":{"1":{"name":"(anonymous_1)","line":12,"loc":{"start":{"line":12,"column":1},"end":{"line":12,"column":13}}},"2":{"name":"(anonymous_2)","line":19,"loc":{"start":{"line":19,"column":5},"end":{"line":19,"column":17}}},"3":{"name":"(anonymous_3)","line":23,"loc":{"start":{"line":23,"column":24},"end":{"line":23,"column":36}}},"4":{"name":"(anonymous_4)","line":61,"loc":{"start":{"line":61,"column":5},"end":{"line":61,"column":17}}},"5":{"name":"(anonymous_5)","line":82,"loc":{"start":{"line":82,"column":5},"end":{"line":82,"column":17}}},"6":{"name":"(anonymous_6)","line":91,"loc":{"start":{"line":91,"column":77},"end":{"line":94,"column":10}}},"7":{"name":"(anonymous_7)","line":112,"loc":{"start":{"line":112,"column":83},"end":{"line":115,"column":10}},"skip":true},"8":{"name":"(anonymous_8)","line":123,"loc":{"start":{"line":123,"column":77},"end":{"line":126,"column":10}},"skip":true},"9":{"name":"(anonymous_9)","line":139,"loc":{"start":{"line":139,"column":12},"end":{"line":139,"column":40}},"skip":true},"10":{"name":"(anonymous_10)","line":147,"loc":{"start":{"line":147,"column":77},"end":{"line":150,"column":10}},"skip":true},"11":{"name":"(anonymous_11)","line":158,"loc":{"start":{"line":158,"column":83},"end":{"line":161,"column":10}},"skip":true},"12":{"name":"(anonymous_12)","line":169,"loc":{"start":{"line":169,"column":79},"end":{"line":172,"column":10}},"skip":true},"13":{"name":"(anonymous_13)","line":180,"loc":{"start":{"line":180,"column":75},"end":{"line":183,"column":10}},"skip":true}},"statementMap":{"1":{"start":{"line":12,"column":0},"end":{"line":195,"column":5}},"2":{"start":{"line":14,"column":4},"end":{"line":14,"column":14}},"3":{"start":{"line":19,"column":4},"end":{"line":56,"column":9}},"4":{"start":{"line":21,"column":8},"end":{"line":21,"column":19}},"5":{"start":{"line":23,"column":8},"end":{"line":35,"column":13}},"6":{"start":{"line":24,"column":12},"end":{"line":34,"column":13}},"7":{"start":{"line":25,"column":16},"end":{"line":28,"column":30}},"8":{"start":{"line":30,"column":16},"end":{"line":33,"column":27}},"9":{"start":{"line":37,"column":8},"end":{"line":39,"column":21}},"10":{"start":{"line":40,"column":8},"end":{"line":53,"column":9}},"11":{"start":{"line":43,"column":12},"end":{"line":46,"column":14}},"12":{"start":{"line":47,"column":12},"end":{"line":47,"column":18}},"13":{"start":{"line":50,"column":12},"end":{"line":51,"column":33}},"14":{"start":{"line":52,"column":12},"end":{"line":52,"column":18}},"15":{"start":{"line":55,"column":8},"end":{"line":55,"column":35}},"16":{"start":{"line":61,"column":4},"end":{"line":63,"column":9}},"17":{"start":{"line":62,"column":8},"end":{"line":62,"column":15}},"18":{"start":{"line":64,"column":4},"end":{"line":77,"column":5}},"19":{"start":{"line":70,"column":8},"end":{"line":70,"column":14}},"20":{"start":{"line":76,"column":8},"end":{"line":76,"column":14}},"21":{"start":{"line":82,"column":4},"end":{"line":84,"column":9}},"22":{"start":{"line":83,"column":8},"end":{"line":83,"column":15}},"23":{"start":{"line":85,"column":4},"end":{"line":194,"column":5}},"24":{"start":{"line":91,"column":8},"end":{"line":99,"column":10}},"25":{"start":{"line":98,"column":12},"end":{"line":98,"column":35}},"26":{"start":{"line":102,"column":8},"end":{"line":104,"column":63}},"27":{"start":{"line":105,"column":8},"end":{"line":105,"column":14}},"28":{"start":{"line":112,"column":8},"end":{"line":121,"column":10},"skip":true},"29":{"start":{"line":119,"column":12},"end":{"line":119,"column":55},"skip":true},"30":{"start":{"line":120,"column":12},"end":{"line":120,"column":48},"skip":true},"31":{"start":{"line":123,"column":8},"end":{"line":136,"column":10},"skip":true},"32":{"start":{"line":130,"column":12},"end":{"line":130,"column":76},"skip":true},"33":{"start":{"line":131,"column":12},"end":{"line":131,"column":73},"skip":true},"34":{"start":{"line":132,"column":12},"end":{"line":132,"column":74},"skip":true},"35":{"start":{"line":133,"column":12},"end":{"line":133,"column":79},"skip":true},"36":{"start":{"line":134,"column":12},"end":{"line":134,"column":25},"skip":true},"37":{"start":{"line":135,"column":12},"end":{"line":135,"column":45},"skip":true},"38":{"start":{"line":138,"column":8},"end":{"line":145,"column":14},"skip":true},"39":{"start":{"line":143,"column":16},"end":{"line":143,"column":29},"skip":true},"40":{"start":{"line":144,"column":16},"end":{"line":144,"column":55},"skip":true},"41":{"start":{"line":147,"column":8},"end":{"line":156,"column":10},"skip":true},"42":{"start":{"line":154,"column":12},"end":{"line":154,"column":25},"skip":true},"43":{"start":{"line":155,"column":12},"end":{"line":155,"column":45},"skip":true},"44":{"start":{"line":158,"column":8},"end":{"line":167,"column":10},"skip":true},"45":{"start":{"line":165,"column":12},"end":{"line":165,"column":25},"skip":true},"46":{"start":{"line":166,"column":12},"end":{"line":166,"column":48},"skip":true},"47":{"start":{"line":169,"column":8},"end":{"line":178,"column":10},"skip":true},"48":{"start":{"line":176,"column":12},"end":{"line":176,"column":25},"skip":true},"49":{"start":{"line":177,"column":12},"end":{"line":177,"column":46},"skip":true},"50":{"start":{"line":180,"column":8},"end":{"line":189,"column":10},"skip":true},"51":{"start":{"line":187,"column":12},"end":{"line":187,"column":94},"skip":true},"52":{"start":{"line":188,"column":12},"end":{"line":188,"column":48},"skip":true},"53":{"start":{"line":192,"column":8},"end":{"line":192,"column":35},"skip":true},"54":{"start":{"line":193,"column":8},"end":{"line":193,"column":14},"skip":true}},"branchMap":{"1":{"line":25,"type":"binary-expr","locations":[{"start":{"line":25,"column":23},"end":{"line":25,"column":62}},{"start":{"line":26,"column":20},"end":{"line":26,"column":70}},{"start":{"line":27,"column":20},"end":{"line":27,"column":71}},{"start":{"line":28,"column":20},"end":{"line":28,"column":29}}]},"2":{"line":30,"type":"binary-expr","locations":[{"start":{"line":30,"column":23},"end":{"line":30,"column":37}},{"start":{"line":31,"column":20},"end":{"line":31,"column":61}},{"start":{"line":32,"column":20},"end":{"line":32,"column":70}},{"start":{"line":33,"column":20},"end":{"line":33,"column":26}}]},"3":{"line":37,"type":"cond-expr","locations":[{"start":{"line":38,"column":14},"end":{"line":38,"column":20}},{"start":{"line":39,"column":14},"end":{"line":39,"column":20}}]},"4":{"line":40,"type":"switch","locations":[{"start":{"line":42,"column":8},"end":{"line":47,"column":18}},{"start":{"line":49,"column":8},"end":{"line":52,"column":18}}]},"5":{"line":44,"type":"binary-expr","locations":[{"start":{"line":44,"column":16},"end":{"line":44,"column":44}},{"start":{"line":44,"column":48},"end":{"line":44,"column":66}}]},"6":{"line":50,"type":"binary-expr","locations":[{"start":{"line":50,"column":21},"end":{"line":50,"column":49}},{"start":{"line":50,"column":53},"end":{"line":50,"column":72}}]},"7":{"line":64,"type":"switch","locations":[{"start":{"line":69,"column":4},"end":{"line":70,"column":14}},{"start":{"line":75,"column":4},"end":{"line":76,"column":14}}]},"8":{"line":85,"type":"switch","locations":[{"start":{"line":90,"column":4},"end":{"line":105,"column":14}},{"start":{"line":111,"column":4},"end":{"line":193,"column":14},"skip":true}]},"9":{"line":91,"type":"binary-expr","locations":[{"start":{"line":91,"column":42},"end":{"line":91,"column":73}},{"start":{"line":91,"column":77},"end":{"line":99,"column":9}}]},"10":{"line":102,"type":"binary-expr","locations":[{"start":{"line":102,"column":18},"end":{"line":102,"column":32}},{"start":{"line":103,"column":12},"end":{"line":103,"column":53}},{"start":{"line":104,"column":12},"end":{"line":104,"column":61}}]},"11":{"line":112,"type":"binary-expr","locations":[{"start":{"line":112,"column":45},"end":{"line":112,"column":79},"skip":true},{"start":{"line":112,"column":83},"end":{"line":121,"column":9},"skip":true}]},"12":{"line":123,"type":"binary-expr","locations":[{"start":{"line":123,"column":42},"end":{"line":123,"column":73},"skip":true},{"start":{"line":123,"column":77},"end":{"line":136,"column":9},"skip":true}]},"13":{"line":138,"type":"binary-expr","locations":[{"start":{"line":138,"column":48},"end":{"line":138,"column":85},"skip":true},{"start":{"line":139,"column":12},"end":{"line":145,"column":13},"skip":true}]},"14":{"line":147,"type":"binary-expr","locations":[{"start":{"line":147,"column":42},"end":{"line":147,"column":73},"skip":true},{"start":{"line":147,"column":77},"end":{"line":156,"column":9},"skip":true}]},"15":{"line":158,"type":"binary-expr","locations":[{"start":{"line":158,"column":45},"end":{"line":158,"column":79},"skip":true},{"start":{"line":158,"column":83},"end":{"line":167,"column":9},"skip":true}]},"16":{"line":169,"type":"binary-expr","locations":[{"start":{"line":169,"column":43},"end":{"line":169,"column":75},"skip":true},{"start":{"line":169,"column":79},"end":{"line":178,"column":9},"skip":true}]},"17":{"line":180,"type":"binary-expr","locations":[{"start":{"line":180,"column":41},"end":{"line":180,"column":71},"skip":true},{"start":{"line":180,"column":75},"end":{"line":189,"column":9},"skip":true}]}},"code":["/* istanbul instrument in package npmtest_chimp */","/*jslint","    bitwise: true,","    browser: true,","    maxerr: 8,","    maxlen: 96,","    node: true,","    nomen: true,","    regexp: true,","    stupid: true","*/","(function () {","    'use strict';","    var local;","","","","    // run shared js-env code - init-before","    (function () {","        // init local","        local = {};","        // init modeJs","        local.modeJs = (function () {","            try {","                return typeof navigator.userAgent === 'string' &&","                    typeof document.querySelector('body') === 'object' &&","                    typeof XMLHttpRequest.prototype.open === 'function' &&","                    'browser';","            } catch (errorCaughtBrowser) {","                return module.exports &&","                    typeof process.versions.node === 'string' &&","                    typeof require('http').createServer === 'function' &&","                    'node';","            }","        }());","        // init global","        local.global = local.modeJs === 'browser'","            ? window","            : global;","        switch (local.modeJs) {","        // re-init local from window.local","        case 'browser':","            local = local.global.utility2.objectSetDefault(","                local.global.utility2_rollup || local.global.local,","                local.global.utility2","            );","            break;","        // re-init local from example.js","        case 'node':","            local = (local.global.utility2_rollup || require('utility2'))","                .requireReadme();","            break;","        }","        // export local","        local.global.local = local;","    }());","","","","    // run shared js-env code - function","    (function () {","        return;","    }());","    switch (local.modeJs) {","","","","    // run browser js-env code - function","    case 'browser':","        break;","","","","    // run node js-env code - function","    case 'node':","        break;","    }","","","","    // run shared js-env code - init-after","    (function () {","        return;","    }());","    switch (local.modeJs) {","","","","    // run browser js-env code - init-after","    case 'browser':","        local.testCase_browser_nullCase = local.testCase_browser_nullCase || function (","            options,","            onError","        ) {","        /*","         * this function will test browsers's null-case handling-behavior-behavior","         */","            onError(null, options);","        };","","        // run tests","        local.nop(local.modeTest &&","            document.querySelector('#testRunButton1') &&","            document.querySelector('#testRunButton1').click());","        break;","","","","    // run node js-env code - init-after","    /* istanbul ignore next */","    case 'node':","        local.testCase_buildApidoc_default = local.testCase_buildApidoc_default || function (","            options,","            onError","        ) {","        /*","         * this function will test buildApidoc's default handling-behavior-behavior","         */","            options = { modulePathList: module.paths };","            local.buildApidoc(options, onError);","        };","","        local.testCase_buildApp_default = local.testCase_buildApp_default || function (","            options,","            onError","        ) {","        /*","         * this function will test buildApp's default handling-behavior-behavior","         */","            local.testCase_buildReadme_default(options, local.onErrorThrow);","            local.testCase_buildLib_default(options, local.onErrorThrow);","            local.testCase_buildTest_default(options, local.onErrorThrow);","            local.testCase_buildCustomOrg_default(options, local.onErrorThrow);","            options = [];","            local.buildApp(options, onError);","        };","","        local.testCase_buildCustomOrg_default = local.testCase_buildCustomOrg_default ||","            function (options, onError) {","            /*","             * this function will test buildCustomOrg's default handling-behavior","             */","                options = {};","                local.buildCustomOrg(options, onError);","            };","","        local.testCase_buildLib_default = local.testCase_buildLib_default || function (","            options,","            onError","        ) {","        /*","         * this function will test buildLib's default handling-behavior","         */","            options = {};","            local.buildLib(options, onError);","        };","","        local.testCase_buildReadme_default = local.testCase_buildReadme_default || function (","            options,","            onError","        ) {","        /*","         * this function will test buildReadme's default handling-behavior-behavior","         */","            options = {};","            local.buildReadme(options, onError);","        };","","        local.testCase_buildTest_default = local.testCase_buildTest_default || function (","            options,","            onError","        ) {","        /*","         * this function will test buildTest's default handling-behavior","         */","            options = {};","            local.buildTest(options, onError);","        };","","        local.testCase_webpage_default = local.testCase_webpage_default || function (","            options,","            onError","        ) {","        /*","         * this function will test webpage's default handling-behavior","         */","            options = { modeCoverageMerge: true, url: local.serverLocalHost + '?modeTest=1' };","            local.browserTest(options, onError);","        };","","        // run test-server","        local.testRunServer(local);","        break;","    }","}());",""],"l":{"12":2,"14":2,"19":2,"21":2,"23":2,"24":2,"25":2,"30":1,"37":2,"40":2,"43":1,"47":1,"50":1,"52":1,"55":2,"61":2,"62":2,"64":2,"70":1,"76":1,"82":2,"83":2,"85":2,"91":1,"98":1,"102":1,"105":1,"112":1,"119":1,"120":1,"123":1,"130":1,"131":1,"132":1,"133":1,"134":1,"135":1,"138":1,"143":2,"144":2,"147":1,"154":2,"155":2,"158":1,"165":2,"166":2,"169":1,"176":2,"177":2,"180":1,"187":1,"188":1,"192":1,"193":1}},"/home/travis/build/npmtest/node-npmtest-chimp/lib.npmtest_chimp.js":{"path":"/home/travis/build/npmtest/node-npmtest-chimp/lib.npmtest_chimp.js","s":{"1":2,"2":2,"3":2,"4":2,"5":2,"6":2,"7":2,"8":1,"9":2,"10":2,"11":2,"12":2,"13":1,"14":1,"15":1,"16":1},"b":{"1":[2,1,1,1],"2":[1,1,1,1],"3":[1,1],"4":[2,2],"5":[1,1]},"f":{"1":2,"2":2,"3":2},"fnMap":{"1":{"name":"(anonymous_1)","line":12,"loc":{"start":{"line":12,"column":1},"end":{"line":12,"column":13}}},"2":{"name":"(anonymous_2)","line":19,"loc":{"start":{"line":19,"column":5},"end":{"line":19,"column":17}}},"3":{"name":"(anonymous_3)","line":23,"loc":{"start":{"line":23,"column":24},"end":{"line":23,"column":36}}}},"statementMap":{"1":{"start":{"line":12,"column":0},"end":{"line":53,"column":5}},"2":{"start":{"line":14,"column":4},"end":{"line":14,"column":14}},"3":{"start":{"line":19,"column":4},"end":{"line":52,"column":9}},"4":{"start":{"line":21,"column":8},"end":{"line":21,"column":19}},"5":{"start":{"line":23,"column":8},"end":{"line":35,"column":13}},"6":{"start":{"line":24,"column":12},"end":{"line":34,"column":13}},"7":{"start":{"line":25,"column":16},"end":{"line":28,"column":30}},"8":{"start":{"line":30,"column":16},"end":{"line":33,"column":27}},"9":{"start":{"line":37,"column":8},"end":{"line":39,"column":21}},"10":{"start":{"line":41,"column":8},"end":{"line":41,"column":54}},"11":{"start":{"line":43,"column":8},"end":{"line":43,"column":50}},"12":{"start":{"line":45,"column":8},"end":{"line":51,"column":9}},"13":{"start":{"line":46,"column":12},"end":{"line":46,"column":56}},"14":{"start":{"line":48,"column":12},"end":{"line":48,"column":35}},"15":{"start":{"line":49,"column":12},"end":{"line":49,"column":49}},"16":{"start":{"line":50,"column":12},"end":{"line":50,"column":43}}},"branchMap":{"1":{"line":25,"type":"binary-expr","locations":[{"start":{"line":25,"column":23},"end":{"line":25,"column":62}},{"start":{"line":26,"column":20},"end":{"line":26,"column":70}},{"start":{"line":27,"column":20},"end":{"line":27,"column":71}},{"start":{"line":28,"column":20},"end":{"line":28,"column":29}}]},"2":{"line":30,"type":"binary-expr","locations":[{"start":{"line":30,"column":23},"end":{"line":30,"column":37}},{"start":{"line":31,"column":20},"end":{"line":31,"column":61}},{"start":{"line":32,"column":20},"end":{"line":32,"column":70}},{"start":{"line":33,"column":20},"end":{"line":33,"column":26}}]},"3":{"line":37,"type":"cond-expr","locations":[{"start":{"line":38,"column":14},"end":{"line":38,"column":20}},{"start":{"line":39,"column":14},"end":{"line":39,"column":20}}]},"4":{"line":41,"type":"binary-expr","locations":[{"start":{"line":41,"column":16},"end":{"line":41,"column":44}},{"start":{"line":41,"column":48},"end":{"line":41,"column":53}}]},"5":{"line":45,"type":"if","locations":[{"start":{"line":45,"column":8},"end":{"line":45,"column":8}},{"start":{"line":45,"column":8},"end":{"line":45,"column":8}}]}},"code":["/* istanbul instrument in package npmtest_chimp */","/*jslint","    bitwise: true,","    browser: true,","    maxerr: 8,","    maxlen: 96,","    node: true,","    nomen: true,","    regexp: true,","    stupid: true","*/","(function () {","    'use strict';","    var local;","","","","    // run shared js-env code - init-before","    (function () {","        // init local","        local = {};","        // init modeJs","        local.modeJs = (function () {","            try {","                return typeof navigator.userAgent === 'string' &&","                    typeof document.querySelector('body') === 'object' &&","                    typeof XMLHttpRequest.prototype.open === 'function' &&","                    'browser';","            } catch (errorCaughtBrowser) {","                return module.exports &&","                    typeof process.versions.node === 'string' &&","                    typeof require('http').createServer === 'function' &&","                    'node';","            }","        }());","        // init global","        local.global = local.modeJs === 'browser'","            ? window","            : global;","        // init utility2_rollup","        local = local.global.utility2_rollup || local;","        // init lib","        local.local = local.npmtest_chimp = local;","        // init exports","        if (local.modeJs === 'browser') {","            local.global.utility2_npmtest_chimp = local;","        } else {","            module.exports = local;","            module.exports.__dirname = __dirname;","            module.exports.module = module;","        }","    }());","}());",""],"l":{"12":2,"14":2,"19":2,"21":2,"23":2,"24":2,"25":2,"30":1,"37":2,"41":2,"43":2,"45":2,"46":1,"48":1,"49":1,"50":1}},"/home/travis/build/npmtest/node-npmtest-chimp/example.js":{"path":"/home/travis/build/npmtest/node-npmtest-chimp/example.js","s":{"1":2,"2":2,"3":2,"4":2,"5":2,"6":2,"7":2,"8":1,"9":2,"10":2,"11":2,"12":2,"13":1,"14":2,"15":2,"16":2,"17":2,"18":2,"19":0,"20":2,"21":1,"22":1,"23":1,"24":1,"25":1,"26":0,"27":0,"28":1,"29":1,"30":2,"31":0,"32":0,"33":0,"34":1,"35":2,"36":2,"37":3,"38":3,"39":3,"40":3,"41":0,"42":3,"43":3,"44":3,"45":1,"46":3,"47":1,"48":1,"49":1,"50":1,"51":1,"52":1,"53":1,"54":1,"55":1,"56":1,"57":0,"58":1,"59":6,"60":6,"61":1,"62":2,"63":0,"64":2,"65":1,"66":1,"67":0,"68":0,"69":0,"70":0,"71":0,"72":0,"73":0,"74":0,"75":0,"76":0,"77":0,"78":0,"79":0,"80":0,"81":0,"82":0,"83":0},"b":{"1":[2,1,1,1],"2":[1,1,1,1],"3":[1,1],"4":[2,2],"5":[1,1],"6":[1,1],"7":[2,0],"8":[2,1,1,1,1,1],"9":[0,2,0],"10":[1,1],"11":[2,1,1],"12":[1,0],"13":[0,2],"14":[2,0,0,0,0,0,0],"15":[0,3],"16":[3,0],"17":[1,1],"18":[0,1],"19":[1,2,0,2],"20":[1,0],"21":[1,1],"22":[0,0],"23":[0,0],"24":[0,0],"25":[0,0],"26":[0,0],"27":[0,0],"28":[0,0]},"f":{"1":2,"2":2,"3":2,"4":2,"5":2,"6":2,"7":3,"8":3,"9":3,"10":1,"11":6,"12":0},"fnMap":{"1":{"name":"(anonymous_1)","line":26,"loc":{"start":{"line":26,"column":1},"end":{"line":26,"column":13}}},"2":{"name":"(anonymous_2)","line":33,"loc":{"start":{"line":33,"column":5},"end":{"line":33,"column":17}}},"3":{"name":"(anonymous_3)","line":37,"loc":{"start":{"line":37,"column":24},"end":{"line":37,"column":36}}},"4":{"name":"(anonymous_4)","line":69,"loc":{"start":{"line":69,"column":31},"end":{"line":69,"column":48}},"skip":true},"5":{"name":"(anonymous_5)","line":78,"loc":{"start":{"line":78,"column":26},"end":{"line":78,"column":45}},"skip":true},"6":{"name":"(anonymous_6)","line":123,"loc":{"start":{"line":123,"column":33},"end":{"line":123,"column":48}},"skip":true},"7":{"name":"(anonymous_7)","line":125,"loc":{"start":{"line":125,"column":27},"end":{"line":125,"column":39}},"skip":true},"8":{"name":"(anonymous_8)","line":133,"loc":{"start":{"line":133,"column":59},"end":{"line":133,"column":74}},"skip":true},"9":{"name":"(anonymous_9)","line":143,"loc":{"start":{"line":143,"column":45},"end":{"line":143,"column":62}},"skip":true},"10":{"name":"(anonymous_10)","line":144,"loc":{"start":{"line":144,"column":73},"end":{"line":144,"column":92}},"skip":true},"11":{"name":"(anonymous_11)","line":272,"loc":{"start":{"line":272,"column":51},"end":{"line":272,"column":77}},"skip":true},"12":{"name":"(anonymous_12)","line":315,"loc":{"start":{"line":315,"column":32},"end":{"line":315,"column":61}},"skip":true}},"statementMap":{"1":{"start":{"line":26,"column":0},"end":{"line":326,"column":5}},"2":{"start":{"line":28,"column":4},"end":{"line":28,"column":14}},"3":{"start":{"line":33,"column":4},"end":{"line":60,"column":9}},"4":{"start":{"line":35,"column":8},"end":{"line":35,"column":19}},"5":{"start":{"line":37,"column":8},"end":{"line":49,"column":13}},"6":{"start":{"line":38,"column":12},"end":{"line":48,"column":13}},"7":{"start":{"line":39,"column":16},"end":{"line":42,"column":30}},"8":{"start":{"line":44,"column":16},"end":{"line":47,"column":27}},"9":{"start":{"line":51,"column":8},"end":{"line":53,"column":21}},"10":{"start":{"line":55,"column":8},"end":{"line":57,"column":45}},"11":{"start":{"line":59,"column":8},"end":{"line":59,"column":35}},"12":{"start":{"line":61,"column":4},"end":{"line":325,"column":5}},"13":{"start":{"line":69,"column":8},"end":{"line":121,"column":10},"skip":true},"14":{"start":{"line":70,"column":12},"end":{"line":88,"column":13},"skip":true},"15":{"start":{"line":76,"column":16},"end":{"line":87,"column":19},"skip":true},"16":{"start":{"line":79,"column":20},"end":{"line":86,"column":21},"skip":true},"17":{"start":{"line":82,"column":24},"end":{"line":82,"column":43},"skip":true},"18":{"start":{"line":83,"column":24},"end":{"line":83,"column":30},"skip":true},"19":{"start":{"line":85,"column":24},"end":{"line":85,"column":49},"skip":true},"20":{"start":{"line":89,"column":12},"end":{"line":107,"column":13},"skip":true},"21":{"start":{"line":92,"column":16},"end":{"line":102,"column":17},"skip":true},"22":{"start":{"line":93,"column":20},"end":{"line":93,"column":86},"skip":true},"23":{"start":{"line":94,"column":20},"end":{"line":95,"column":45},"skip":true},"24":{"start":{"line":96,"column":20},"end":{"line":96,"column":42},"skip":true},"25":{"start":{"line":97,"column":20},"end":{"line":97,"column":48},"skip":true},"26":{"start":{"line":100,"column":20},"end":{"line":100,"column":85},"skip":true},"27":{"start":{"line":101,"column":20},"end":{"line":101,"column":96},"skip":true},"28":{"start":{"line":103,"column":16},"end":{"line":103,"column":22},"skip":true},"29":{"start":{"line":106,"column":16},"end":{"line":106,"column":22},"skip":true},"30":{"start":{"line":108,"column":12},"end":{"line":120,"column":13},"skip":true},"31":{"start":{"line":114,"column":16},"end":{"line":119,"column":17},"skip":true},"32":{"start":{"line":116,"column":20},"end":{"line":116,"column":78},"skip":true},"33":{"start":{"line":118,"column":20},"end":{"line":118,"column":47},"skip":true},"34":{"start":{"line":123,"column":8},"end":{"line":141,"column":11},"skip":true},"35":{"start":{"line":124,"column":12},"end":{"line":124,"column":54},"skip":true},"36":{"start":{"line":125,"column":12},"end":{"line":140,"column":14},"skip":true},"37":{"start":{"line":126,"column":16},"end":{"line":126,"column":28},"skip":true},"38":{"start":{"line":127,"column":16},"end":{"line":127,"column":69},"skip":true},"39":{"start":{"line":128,"column":16},"end":{"line":128,"column":75},"skip":true},"40":{"start":{"line":129,"column":16},"end":{"line":131,"column":17},"skip":true},"41":{"start":{"line":130,"column":20},"end":{"line":130,"column":27},"skip":true},"42":{"start":{"line":133,"column":16},"end":{"line":137,"column":36},"skip":true},"43":{"start":{"line":134,"column":20},"end":{"line":136,"column":55},"skip":true},"44":{"start":{"line":139,"column":16},"end":{"line":139,"column":57},"skip":true},"45":{"start":{"line":143,"column":8},"end":{"line":147,"column":11},"skip":true},"46":{"start":{"line":144,"column":12},"end":{"line":146,"column":15},"skip":true},"47":{"start":{"line":145,"column":16},"end":{"line":145,"column":70},"skip":true},"48":{"start":{"line":149,"column":8},"end":{"line":149,"column":31},"skip":true},"49":{"start":{"line":150,"column":8},"end":{"line":150,"column":14},"skip":true},"50":{"start":{"line":158,"column":8},"end":{"line":158,"column":31},"skip":true},"51":{"start":{"line":160,"column":8},"end":{"line":160,"column":33},"skip":true},"52":{"start":{"line":161,"column":8},"end":{"line":161,"column":37},"skip":true},"53":{"start":{"line":162,"column":8},"end":{"line":162,"column":35},"skip":true},"54":{"start":{"line":164,"column":8},"end":{"line":164,"column":50},"skip":true},"55":{"start":{"line":166,"column":8},"end":{"line":256,"column":2},"skip":true},"56":{"start":{"line":258,"column":8},"end":{"line":286,"column":9},"skip":true},"57":{"start":{"line":259,"column":12},"end":{"line":269,"column":14},"skip":true},"58":{"start":{"line":271,"column":12},"end":{"line":285,"column":19},"skip":true},"59":{"start":{"line":274,"column":20},"end":{"line":274,"column":35},"skip":true},"60":{"start":{"line":275,"column":20},"end":{"line":284,"column":21},"skip":true},"61":{"start":{"line":277,"column":24},"end":{"line":277,"column":64},"skip":true},"62":{"start":{"line":279,"column":24},"end":{"line":279,"column":40},"skip":true},"63":{"start":{"line":281,"column":24},"end":{"line":281,"column":40},"skip":true},"64":{"start":{"line":283,"column":24},"end":{"line":283,"column":39},"skip":true},"65":{"start":{"line":288,"column":8},"end":{"line":290,"column":9},"skip":true},"66":{"start":{"line":289,"column":12},"end":{"line":289,"column":18},"skip":true},"67":{"start":{"line":291,"column":8},"end":{"line":293,"column":54},"skip":true},"68":{"start":{"line":296,"column":8},"end":{"line":301,"column":37},"skip":true},"69":{"start":{"line":303,"column":8},"end":{"line":303,"column":82},"skip":true},"70":{"start":{"line":306,"column":8},"end":{"line":308,"column":9},"skip":true},"71":{"start":{"line":307,"column":12},"end":{"line":307,"column":82},"skip":true},"72":{"start":{"line":310,"column":8},"end":{"line":312,"column":9},"skip":true},"73":{"start":{"line":311,"column":12},"end":{"line":311,"column":18},"skip":true},"74":{"start":{"line":313,"column":8},"end":{"line":313,"column":54},"skip":true},"75":{"start":{"line":314,"column":8},"end":{"line":314,"column":69},"skip":true},"76":{"start":{"line":315,"column":8},"end":{"line":323,"column":36},"skip":true},"77":{"start":{"line":316,"column":12},"end":{"line":316,"column":61},"skip":true},"78":{"start":{"line":317,"column":12},"end":{"line":320,"column":13},"skip":true},"79":{"start":{"line":318,"column":16},"end":{"line":318,"column":75},"skip":true},"80":{"start":{"line":319,"column":16},"end":{"line":319,"column":23},"skip":true},"81":{"start":{"line":321,"column":12},"end":{"line":321,"column":38},"skip":true},"82":{"start":{"line":322,"column":12},"end":{"line":322,"column":27},"skip":true},"83":{"start":{"line":324,"column":8},"end":{"line":324,"column":14},"skip":true}},"branchMap":{"1":{"line":39,"type":"binary-expr","locations":[{"start":{"line":39,"column":23},"end":{"line":39,"column":62}},{"start":{"line":40,"column":20},"end":{"line":40,"column":70}},{"start":{"line":41,"column":20},"end":{"line":41,"column":71}},{"start":{"line":42,"column":20},"end":{"line":42,"column":29}}]},"2":{"line":44,"type":"binary-expr","locations":[{"start":{"line":44,"column":23},"end":{"line":44,"column":37}},{"start":{"line":45,"column":20},"end":{"line":45,"column":61}},{"start":{"line":46,"column":20},"end":{"line":46,"column":70}},{"start":{"line":47,"column":20},"end":{"line":47,"column":26}}]},"3":{"line":51,"type":"cond-expr","locations":[{"start":{"line":52,"column":14},"end":{"line":52,"column":20}},{"start":{"line":53,"column":14},"end":{"line":53,"column":20}}]},"4":{"line":55,"type":"binary-expr","locations":[{"start":{"line":55,"column":16},"end":{"line":55,"column":44}},{"start":{"line":55,"column":49},"end":{"line":57,"column":43}}]},"5":{"line":55,"type":"cond-expr","locations":[{"start":{"line":56,"column":14},"end":{"line":56,"column":49}},{"start":{"line":57,"column":14},"end":{"line":57,"column":43}}]},"6":{"line":61,"type":"switch","locations":[{"start":{"line":68,"column":4},"end":{"line":150,"column":14},"skip":true},{"start":{"line":156,"column":4},"end":{"line":324,"column":14},"skip":true}]},"7":{"line":70,"type":"if","locations":[{"start":{"line":70,"column":12},"end":{"line":70,"column":12},"skip":true},{"start":{"line":70,"column":12},"end":{"line":70,"column":12},"skip":true}]},"8":{"line":70,"type":"binary-expr","locations":[{"start":{"line":70,"column":16},"end":{"line":70,"column":22},"skip":true},{"start":{"line":70,"column":27},"end":{"line":70,"column":32},"skip":true},{"start":{"line":71,"column":20},"end":{"line":71,"column":39},"skip":true},{"start":{"line":72,"column":20},"end":{"line":72,"column":49},"skip":true},{"start":{"line":73,"column":20},"end":{"line":73,"column":58},"skip":true},{"start":{"line":74,"column":20},"end":{"line":74,"column":69},"skip":true}]},"9":{"line":79,"type":"switch","locations":[{"start":{"line":80,"column":20},"end":{"line":80,"column":33},"skip":true},{"start":{"line":81,"column":20},"end":{"line":83,"column":30},"skip":true},{"start":{"line":84,"column":20},"end":{"line":85,"column":49},"skip":true}]},"10":{"line":89,"type":"switch","locations":[{"start":{"line":90,"column":12},"end":{"line":103,"column":22},"skip":true},{"start":{"line":105,"column":12},"end":{"line":106,"column":22},"skip":true}]},"11":{"line":89,"type":"binary-expr","locations":[{"start":{"line":89,"column":20},"end":{"line":89,"column":25},"skip":true},{"start":{"line":89,"column":29},"end":{"line":89,"column":48},"skip":true},{"start":{"line":89,"column":52},"end":{"line":89,"column":74},"skip":true}]},"12":{"line":92,"type":"if","locations":[{"start":{"line":92,"column":16},"end":{"line":92,"column":16},"skip":true},{"start":{"line":92,"column":16},"end":{"line":92,"column":16},"skip":true}]},"13":{"line":108,"type":"if","locations":[{"start":{"line":108,"column":12},"end":{"line":108,"column":12},"skip":true},{"start":{"line":108,"column":12},"end":{"line":108,"column":12},"skip":true}]},"14":{"line":108,"type":"binary-expr","locations":[{"start":{"line":108,"column":16},"end":{"line":108,"column":61},"skip":true},{"start":{"line":108,"column":66},"end":{"line":108,"column":72},"skip":true},{"start":{"line":108,"column":77},"end":{"line":108,"column":82},"skip":true},{"start":{"line":109,"column":20},"end":{"line":109,"column":39},"skip":true},{"start":{"line":110,"column":20},"end":{"line":110,"column":49},"skip":true},{"start":{"line":111,"column":20},"end":{"line":111,"column":58},"skip":true},{"start":{"line":112,"column":20},"end":{"line":112,"column":68},"skip":true}]},"15":{"line":129,"type":"if","locations":[{"start":{"line":129,"column":16},"end":{"line":129,"column":16},"skip":true},{"start":{"line":129,"column":16},"end":{"line":129,"column":16},"skip":true}]},"16":{"line":134,"type":"cond-expr","locations":[{"start":{"line":135,"column":26},"end":{"line":135,"column":29},"skip":true},{"start":{"line":136,"column":26},"end":{"line":136,"column":54},"skip":true}]},"17":{"line":164,"type":"binary-expr","locations":[{"start":{"line":164,"column":27},"end":{"line":164,"column":43},"skip":true},{"start":{"line":164,"column":47},"end":{"line":164,"column":49},"skip":true}]},"18":{"line":258,"type":"if","locations":[{"start":{"line":258,"column":8},"end":{"line":258,"column":8},"skip":true},{"start":{"line":258,"column":8},"end":{"line":258,"column":8},"skip":true}]},"19":{"line":275,"type":"switch","locations":[{"start":{"line":276,"column":20},"end":{"line":277,"column":64},"skip":true},{"start":{"line":278,"column":20},"end":{"line":279,"column":40},"skip":true},{"start":{"line":280,"column":20},"end":{"line":281,"column":40},"skip":true},{"start":{"line":282,"column":20},"end":{"line":283,"column":39},"skip":true}]},"20":{"line":288,"type":"if","locations":[{"start":{"line":288,"column":8},"end":{"line":288,"column":8},"skip":true},{"start":{"line":288,"column":8},"end":{"line":288,"column":8},"skip":true}]},"21":{"line":288,"type":"binary-expr","locations":[{"start":{"line":288,"column":12},"end":{"line":288,"column":40},"skip":true},{"start":{"line":288,"column":44},"end":{"line":288,"column":67},"skip":true}]},"22":{"line":292,"type":"binary-expr","locations":[{"start":{"line":292,"column":12},"end":{"line":292,"column":50},"skip":true},{"start":{"line":293,"column":12},"end":{"line":293,"column":53},"skip":true}]},"23":{"line":297,"type":"binary-expr","locations":[{"start":{"line":297,"column":12},"end":{"line":297,"column":63},"skip":true},{"start":{"line":298,"column":12},"end":{"line":301,"column":36},"skip":true}]},"24":{"line":303,"type":"binary-expr","locations":[{"start":{"line":303,"column":43},"end":{"line":303,"column":75},"skip":true},{"start":{"line":303,"column":79},"end":{"line":303,"column":81},"skip":true}]},"25":{"line":306,"type":"if","locations":[{"start":{"line":306,"column":8},"end":{"line":306,"column":8},"skip":true},{"start":{"line":306,"column":8},"end":{"line":306,"column":8},"skip":true}]},"26":{"line":310,"type":"if","locations":[{"start":{"line":310,"column":8},"end":{"line":310,"column":8},"skip":true},{"start":{"line":310,"column":8},"end":{"line":310,"column":8},"skip":true}]},"27":{"line":313,"type":"binary-expr","locations":[{"start":{"line":313,"column":27},"end":{"line":313,"column":43},"skip":true},{"start":{"line":313,"column":47},"end":{"line":313,"column":53},"skip":true}]},"28":{"line":317,"type":"if","locations":[{"start":{"line":317,"column":12},"end":{"line":317,"column":12},"skip":true},{"start":{"line":317,"column":12},"end":{"line":317,"column":12},"skip":true}]}},"code":["/*","example.js","","quickstart example","","instruction","    1. save this script as example.js","    2. run the shell command:","        $ npm install npmtest-chimp && PORT=8081 node example.js","    3. play with the browser-demo on http://127.0.0.1:8081","*/","","","","/* istanbul instrument in package npmtest_chimp */","/*jslint","    bitwise: true,","    browser: true,","    maxerr: 8,","    maxlen: 96,","    node: true,","    nomen: true,","    regexp: true,","    stupid: true","*/","(function () {","    'use strict';","    var local;","","","","    // run shared js-env code - init-before","    (function () {","        // init local","        local = {};","        // init modeJs","        local.modeJs = (function () {","            try {","                return typeof navigator.userAgent === 'string' &&","                    typeof document.querySelector('body') === 'object' &&","                    typeof XMLHttpRequest.prototype.open === 'function' &&","                    'browser';","            } catch (errorCaughtBrowser) {","                return module.exports &&","                    typeof process.versions.node === 'string' &&","                    typeof require('http').createServer === 'function' &&","                    'node';","            }","        }());","        // init global","        local.global = local.modeJs === 'browser'","            ? window","            : global;","        // init utility2_rollup","        local = local.global.utility2_rollup || (local.modeJs === 'browser'","            ? local.global.utility2_npmtest_chimp","            : global.utility2_moduleExports);","        // export local","        local.global.local = local;","    }());","    switch (local.modeJs) {","","","","    // init-after","    // run browser js-env code - init-after","    /* istanbul ignore next */","    case 'browser':","        local.testRunBrowser = function (event) {","            if (!event || (event &&","                    event.currentTarget &&","                    event.currentTarget.className &&","                    event.currentTarget.className.includes &&","                    event.currentTarget.className.includes('onreset'))) {","                // reset output","                Array.from(","                    document.querySelectorAll('body > .resettable')","                ).forEach(function (element) {","                    switch (element.tagName) {","                    case 'INPUT':","                    case 'TEXTAREA':","                        element.value = '';","                        break;","                    default:","                        element.textContent = '';","                    }","                });","            }","            switch (event && event.currentTarget && event.currentTarget.id) {","            case 'testRunButton1':","                // show tests","                if (document.querySelector('#testReportDiv1').style.display === 'none') {","                    document.querySelector('#testReportDiv1').style.display = 'block';","                    document.querySelector('#testRunButton1').textContent =","                        'hide internal test';","                    local.modeTest = true;","                    local.testRunDefault(local);","                // hide tests","                } else {","                    document.querySelector('#testReportDiv1').style.display = 'none';","                    document.querySelector('#testRunButton1').textContent = 'run internal test';","                }","                break;","            // custom-case","            default:","                break;","            }","            if (document.querySelector('#inputTextareaEval1') && (!event || (event &&","                    event.currentTarget &&","                    event.currentTarget.className &&","                    event.currentTarget.className.includes &&","                    event.currentTarget.className.includes('oneval')))) {","                // try to eval input-code","                try {","                    /*jslint evil: true*/","                    eval(document.querySelector('#inputTextareaEval1').value);","                } catch (errorCaught) {","                    console.error(errorCaught);","                }","            }","        };","        // log stderr and stdout to #outputTextareaStdout1","        ['error', 'log'].forEach(function (key) {","            console[key + '_original'] = console[key];","            console[key] = function () {","                var element;","                console[key + '_original'].apply(console, arguments);","                element = document.querySelector('#outputTextareaStdout1');","                if (!element) {","                    return;","                }","                // append text to #outputTextareaStdout1","                element.value += Array.from(arguments).map(function (arg) {","                    return typeof arg === 'string'","                        ? arg","                        : JSON.stringify(arg, null, 4);","                }).join(' ') + '\\n';","                // scroll textarea to bottom","                element.scrollTop = element.scrollHeight;","            };","        });","        // init event-handling","        ['change', 'click', 'keyup'].forEach(function (event) {","            Array.from(document.querySelectorAll('.on' + event)).forEach(function (element) {","                element.addEventListener(event, local.testRunBrowser);","            });","        });","        // run tests","        local.testRunBrowser();","        break;","","","","    // run node js-env code - init-after","    /* istanbul ignore next */","    case 'node':","        // export local","        module.exports = local;","        // require modules","        local.fs = require('fs');","        local.http = require('http');","        local.url = require('url');","        // init assets","        local.assetsDict = local.assetsDict || {};","        /* jslint-ignore-begin */","        local.assetsDict['/assets.index.template.html'] = '\\","<!doctype html>\\n\\","<html lang=\"en\">\\n\\","<head>\\n\\","<meta charset=\"UTF-8\">\\n\\","<meta name=\"viewport\" content=\"width=device-width, initial-scale=1\">\\n\\","<title>{{env.npm_package_name}} (v{{env.npm_package_version}})</title>\\n\\","<style>\\n\\","/*csslint\\n\\","    box-sizing: false,\\n\\","    universal-selector: false\\n\\","*/\\n\\","* {\\n\\","    box-sizing: border-box;\\n\\","}\\n\\","body {\\n\\","    background: #dde;\\n\\","    font-family: Arial, Helvetica, sans-serif;\\n\\","    margin: 2rem;\\n\\","}\\n\\","body > * {\\n\\","    margin-bottom: 1rem;\\n\\","}\\n\\",".utility2FooterDiv {\\n\\","    margin-top: 20px;\\n\\","    text-align: center;\\n\\","}\\n\\","</style>\\n\\","<style>\\n\\","/*csslint\\n\\","*/\\n\\","textarea {\\n\\","    font-family: monospace;\\n\\","    height: 10rem;\\n\\","    width: 100%;\\n\\","}\\n\\","textarea[readonly] {\\n\\","    background: #ddd;\\n\\","}\\n\\","</style>\\n\\","</head>\\n\\","<body>\\n\\","<!-- utility2-comment\\n\\","<div id=\"ajaxProgressDiv1\" style=\"background: #d00; height: 2px; left: 0; margin: 0; padding: 0; position: fixed; top: 0; transition: background 0.5s, width 1.5s; width: 25%;\"></div>\\n\\","utility2-comment -->\\n\\","<h1>\\n\\","<!-- utility2-comment\\n\\","    <a\\n\\","        {{#if env.npm_package_homepage}}\\n\\","        href=\"{{env.npm_package_homepage}}\"\\n\\","        {{/if env.npm_package_homepage}}\\n\\","        target=\"_blank\"\\n\\","    >\\n\\","utility2-comment -->\\n\\","        {{env.npm_package_name}} (v{{env.npm_package_version}})\\n\\","<!-- utility2-comment\\n\\","    </a>\\n\\","utility2-comment -->\\n\\","</h1>\\n\\","<h3>{{env.npm_package_description}}</h3>\\n\\","<!-- utility2-comment\\n\\","<h4><a download href=\"assets.app.js\">download standalone app</a></h4>\\n\\","<button class=\"onclick onreset\" id=\"testRunButton1\">run internal test</button><br>\\n\\","<div id=\"testReportDiv1\" style=\"display: none;\"></div>\\n\\","utility2-comment -->\\n\\","\\n\\","\\n\\","\\n\\","<label>stderr and stdout</label>\\n\\","<textarea class=\"resettable\" id=\"outputTextareaStdout1\" readonly></textarea>\\n\\","<!-- utility2-comment\\n\\","{{#if isRollup}}\\n\\","<script src=\"assets.app.js\"></script>\\n\\","{{#unless isRollup}}\\n\\","utility2-comment -->\\n\\","<script src=\"assets.utility2.rollup.js\"></script>\\n\\","<script src=\"jsonp.utility2._stateInit?callback=window.utility2._stateInit\"></script>\\n\\","<script src=\"assets.npmtest_chimp.rollup.js\"></script>\\n\\","<script src=\"assets.example.js\"></script>\\n\\","<script src=\"assets.test.js\"></script>\\n\\","<!-- utility2-comment\\n\\","{{/if isRollup}}\\n\\","utility2-comment -->\\n\\","<div class=\"utility2FooterDiv\">\\n\\","    [ this app was created with\\n\\","    <a href=\"https://github.com/kaizhu256/node-utility2\" target=\"_blank\">utility2</a>\\n\\","    ]\\n\\","</div>\\n\\","</body>\\n\\","</html>\\n\\","';","        /* jslint-ignore-end */","        if (local.templateRender) {","            local.assetsDict['/'] = local.templateRender(","                local.assetsDict['/assets.index.template.html'],","                {","                    env: local.objectSetDefault(local.env, {","                        npm_package_description: 'the greatest app in the world!',","                        npm_package_name: 'my-app',","                        npm_package_nameAlias: 'my_app',","                        npm_package_version: '0.0.1'","                    })","                }","            );","        } else {","            local.assetsDict['/'] = local.assetsDict['/assets.index.template.html']","                .replace((/\\{\\{env\\.(\\w+?)\\}\\}/g), function (match0, match1) {","                    // jslint-hack","                    String(match0);","                    switch (match1) {","                    case 'npm_package_description':","                        return 'the greatest app in the world!';","                    case 'npm_package_name':","                        return 'my-app';","                    case 'npm_package_nameAlias':","                        return 'my_app';","                    case 'npm_package_version':","                        return '0.0.1';","                    }","                });","        }","        // run the cli","        if (local.global.utility2_rollup || module !== require.main) {","            break;","        }","        local.assetsDict['/assets.example.js'] =","            local.assetsDict['/assets.example.js'] ||","            local.fs.readFileSync(__filename, 'utf8');","        // bug-workaround - long $npm_package_buildCustomOrg","        /* jslint-ignore-begin */","        local.assetsDict['/assets.npmtest_chimp.rollup.js'] =","            local.assetsDict['/assets.npmtest_chimp.rollup.js'] ||","            local.fs.readFileSync(","                local.npmtest_chimp.__dirname + '/lib.npmtest_chimp.js',","                'utf8'","            ).replace((/^#!/), '//');","        /* jslint-ignore-end */","        local.assetsDict['/favicon.ico'] = local.assetsDict['/favicon.ico'] || '';","        // if $npm_config_timeout_exit exists,","        // then exit this process after $npm_config_timeout_exit ms","        if (Number(process.env.npm_config_timeout_exit)) {","            setTimeout(process.exit, Number(process.env.npm_config_timeout_exit));","        }","        // start server","        if (local.global.utility2_serverHttp1) {","            break;","        }","        process.env.PORT = process.env.PORT || '8081';","        console.error('server starting on port ' + process.env.PORT);","        local.http.createServer(function (request, response) {","            request.urlParsed = local.url.parse(request.url);","            if (local.assetsDict[request.urlParsed.pathname] !== undefined) {","                response.end(local.assetsDict[request.urlParsed.pathname]);","                return;","            }","            response.statusCode = 404;","            response.end();","        }).listen(process.env.PORT);","        break;","    }","}());",""],"l":{"26":2,"28":2,"33":2,"35":2,"37":2,"38":2,"39":2,"44":1,"51":2,"55":2,"59":2,"61":2,"69":1,"70":2,"76":2,"79":2,"82":2,"83":2,"85":1,"89":2,"92":1,"93":1,"94":1,"96":1,"97":1,"100":1,"101":1,"103":1,"106":1,"108":2,"114":1,"116":1,"118":1,"123":1,"124":2,"125":2,"126":3,"127":3,"128":3,"129":3,"130":1,"133":3,"134":3,"139":3,"143":1,"144":3,"145":1,"149":1,"150":1,"158":1,"160":1,"161":1,"162":1,"164":1,"166":1,"258":1,"259":1,"271":1,"274":6,"275":6,"277":1,"279":2,"281":1,"283":2,"288":1,"289":1,"291":1,"296":1,"303":1,"306":1,"307":1,"310":1,"311":1,"313":1,"314":1,"315":1,"316":1,"317":1,"318":1,"319":1,"321":1,"322":1,"324":1}},"/home/travis/build/npmtest/node-npmtest-chimp/node_modules/chimp/dist/lib/chimp.js":{"path":"/home/travis/build/npmtest/node-npmtest-chimp/node_modules/chimp/dist/lib/chimp.js","s":{"1":1,"2":1,"3":1,"4":1,"5":1,"6":1,"7":1,"8":1,"9":1,"10":1,"11":1,"12":1,"13":1,"14":1,"15":1,"16":1,"17":1,"18":0,"19":0,"20":1,"21":0,"22":0,"23":0,"24":0,"25":0,"26":0,"27":0,"28":0,"29":0,"30":0,"31":0,"32":0,"33":0,"34":1,"35":0,"36":0,"37":0,"38":0,"39":0,"40":0,"41":1,"42":0,"43":0,"44":0,"45":0,"46":0,"47":0,"48":0,"49":0,"50":0,"51":0,"52":0,"53":0,"54":0,"55":0,"56":1,"57":0,"58":0,"59":0,"60":0,"61":0,"62":0,"63":0,"64":0,"65":0,"66":0,"67":1,"68":0,"69":0,"70":0,"71":0,"72":0,"73":0,"74":0,"75":0,"76":0,"77":0,"78":1,"79":0,"80":0,"81":0,"82":0,"83":0,"84":0,"85":0,"86":1,"87":0,"88":0,"89":0,"90":0,"91":0,"92":1,"93":0,"94":0,"95":0,"96":0,"97":0,"98":0,"99":0,"100":0,"101":0,"102":0,"103":0,"104":0,"105":0,"106":0,"107":0,"108":0,"109":0,"110":0,"111":0,"112":0,"113":0,"114":0,"115":0,"116":0,"117":0,"118":0,"119":0,"120":0,"121":0,"122":0,"123":0,"124":0,"125":1,"126":0,"127":0,"128":0,"129":0,"130":0,"131":0,"132":0,"133":1,"134":0,"135":0,"136":0,"137":0,"138":0,"139":0,"140":0,"141":1,"142":0,"143":0,"144":0,"145":0,"146":0,"147":0,"148":0,"149":0,"150":0,"151":1,"152":0,"153":0,"154":0,"155":0,"156":0,"157":0,"158":0,"159":1,"160":0,"161":0,"162":0,"163":0,"164":0,"165":0,"166":0,"167":0,"168":0,"169":0,"170":0,"171":0,"172":0,"173":0,"174":0,"175":0,"176":0,"177":0,"178":0,"179":0,"180":1,"181":0,"182":0,"183":1,"184":0,"185":0,"186":0,"187":0,"188":0,"189":0,"190":0,"191":0,"192":0,"193":0,"194":0,"195":0,"196":0,"197":0,"198":0,"199":0,"200":0,"201":0,"202":0,"203":0,"204":0,"205":0,"206":1,"207":0,"208":0,"209":0,"210":0,"211":0,"212":0,"213":0,"214":0,"215":0,"216":0,"217":0,"218":0,"219":0,"220":0,"221":0,"222":0,"223":0,"224":0,"225":0,"226":0,"227":0,"228":0,"229":1,"230":0,"231":0,"232":0,"233":0,"234":0,"235":0,"236":0,"237":0,"238":0,"239":1,"240":0,"241":0,"242":0,"243":0,"244":0,"245":0,"246":0,"247":0,"248":0,"249":0,"250":0,"251":0,"252":1,"253":0,"254":0,"255":0,"256":0,"257":0,"258":0,"259":0,"260":0,"261":0,"262":0,"263":0,"264":0,"265":0,"266":0,"267":0,"268":0,"269":0,"270":0,"271":0,"272":0,"273":0,"274":0,"275":0,"276":0,"277":0,"278":0,"279":0,"280":0,"281":0,"282":0,"283":0,"284":0,"285":0,"286":0,"287":0,"288":0,"289":0,"290":0,"291":0,"292":0,"293":0,"294":0,"295":0,"296":0,"297":0,"298":0,"299":0,"300":0,"301":0,"302":0,"303":0,"304":0,"305":0,"306":0,"307":0,"308":0,"309":0,"310":0,"311":0,"312":0,"313":0,"314":1,"315":0,"316":0,"317":0,"318":0,"319":0,"320":0,"321":0,"322":1},"b":{"1":[1,0],"2":[1,1],"3":[0,0],"4":[0,0],"5":[0,0],"6":[0,0],"7":[0,0],"8":[0,0],"9":[0,0],"10":[0,0],"11":[0,0],"12":[0,0],"13":[0,0],"14":[0,0],"15":[0,0,0,0,0],"16":[0,0],"17":[0,0],"18":[0,0],"19":[0,0],"20":[0,0],"21":[0,0],"22":[0,0],"23":[0,0],"24":[0,0],"25":[0,0],"26":[0,0],"27":[0,0],"28":[0,0],"29":[0,0],"30":[0,0],"31":[0,0],"32":[0,0],"33":[0,0],"34":[0,0],"35":[0,0],"36":[0,0],"37":[0,0],"38":[0,0],"39":[0,0],"40":[0,0],"41":[0,0],"42":[0,0],"43":[0,0],"44":[0,0],"45":[0,0],"46":[0,0],"47":[0,0],"48":[0,0],"49":[0,0],"50":[0,0],"51":[0,0],"52":[0,0],"53":[0,0],"54":[0,0],"55":[0,0],"56":[0,0],"57":[0,0],"58":[0,0],"59":[0,0],"60":[0,0],"61":[0,0],"62":[0,0],"63":[0,0],"64":[0,0],"65":[0,0],"66":[0,0],"67":[0,0],"68":[0,0],"69":[0,0],"70":[0,0],"71":[0,0],"72":[0,0],"73":[0,0],"74":[0,0],"75":[0,0]},"f":{"1":1,"2":0,"3":0,"4":0,"5":0,"6":0,"7":0,"8":0,"9":0,"10":0,"11":0,"12":0,"13":0,"14":0,"15":0,"16":0,"17":0,"18":0,"19":0,"20":0,"21":0,"22":0,"23":0,"24":0,"25":0,"26":0,"27":0,"28":0,"29":0,"30":0,"31":0,"32":0,"33":0,"34":0,"35":0,"36":0,"37":0,"38":0,"39":0,"40":0,"41":0,"42":0,"43":0,"44":0,"45":0,"46":0,"47":0,"48":0,"49":0,"50":0,"51":0,"52":0,"53":0,"54":0},"fnMap":{"1":{"name":"_interopRequireDefault","line":7,"loc":{"start":{"line":7,"column":0},"end":{"line":7,"column":37}}},"2":{"name":"(anonymous_2)","line":48,"loc":{"start":{"line":48,"column":16},"end":{"line":48,"column":36}}},"3":{"name":"Chimp","line":62,"loc":{"start":{"line":62,"column":0},"end":{"line":62,"column":24}}},"4":{"name":"handleDdpOption","line":86,"loc":{"start":{"line":86,"column":0},"end":{"line":86,"column":34}}},"5":{"name":"(anonymous_5)","line":92,"loc":{"start":{"line":92,"column":24},"end":{"line":92,"column":46}}},"6":{"name":"(anonymous_6)","line":104,"loc":{"start":{"line":104,"column":23},"end":{"line":104,"column":43}}},"7":{"name":"(anonymous_7)","line":120,"loc":{"start":{"line":120,"column":20},"end":{"line":120,"column":32}}},"8":{"name":"(anonymous_8)","line":131,"loc":{"start":{"line":131,"column":29},"end":{"line":131,"column":41}}},"9":{"name":"(anonymous_9)","line":152,"loc":{"start":{"line":152,"column":42},"end":{"line":152,"column":54}}},"10":{"name":"_initSimianBuildNumber","line":176,"loc":{"start":{"line":176,"column":41},"end":{"line":176,"column":75}}},"11":{"name":"(anonymous_11)","line":198,"loc":{"start":{"line":198,"column":29},"end":{"line":198,"column":49}}},"12":{"name":"(anonymous_12)","line":214,"loc":{"start":{"line":214,"column":24},"end":{"line":214,"column":36}}},"13":{"name":"(anonymous_13)","line":246,"loc":{"start":{"line":246,"column":28},"end":{"line":246,"column":40}}},"14":{"name":"(anonymous_14)","line":253,"loc":{"start":{"line":253,"column":29},"end":{"line":253,"column":41}}},"15":{"name":"(anonymous_15)","line":257,"loc":{"start":{"line":257,"column":37},"end":{"line":257,"column":57}}},"16":{"name":"(anonymous_16)","line":266,"loc":{"start":{"line":266,"column":27},"end":{"line":266,"column":50}}},"17":{"name":"(anonymous_17)","line":287,"loc":{"start":{"line":287,"column":25},"end":{"line":287,"column":37}}},"18":{"name":"(anonymous_18)","line":290,"loc":{"start":{"line":290,"column":13},"end":{"line":290,"column":36}}},"19":{"name":"(anonymous_19)","line":301,"loc":{"start":{"line":301,"column":31},"end":{"line":301,"column":47}}},"20":{"name":"(anonymous_20)","line":322,"loc":{"start":{"line":322,"column":36},"end":{"line":322,"column":48}}},"21":{"name":"(anonymous_21)","line":333,"loc":{"start":{"line":333,"column":14},"end":{"line":333,"column":31}}},"22":{"name":"(anonymous_22)","line":338,"loc":{"start":{"line":338,"column":10},"end":{"line":338,"column":22}}},"23":{"name":"(anonymous_23)","line":340,"loc":{"start":{"line":340,"column":31},"end":{"line":340,"column":43}}},"24":{"name":"(anonymous_24)","line":347,"loc":{"start":{"line":347,"column":31},"end":{"line":347,"column":46}}},"25":{"name":"(anonymous_25)","line":359,"loc":{"start":{"line":359,"column":31},"end":{"line":359,"column":49}}},"26":{"name":"handler","line":364,"loc":{"start":{"line":364,"column":13},"end":{"line":364,"column":46}}},"27":{"name":"(anonymous_27)","line":365,"loc":{"start":{"line":365,"column":17},"end":{"line":365,"column":37}}},"28":{"name":"handler","line":374,"loc":{"start":{"line":374,"column":13},"end":{"line":374,"column":46}}},"29":{"name":"(anonymous_29)","line":377,"loc":{"start":{"line":377,"column":17},"end":{"line":377,"column":37}}},"30":{"name":"handler","line":386,"loc":{"start":{"line":386,"column":13},"end":{"line":386,"column":46}}},"31":{"name":"(anonymous_31)","line":387,"loc":{"start":{"line":387,"column":21},"end":{"line":387,"column":41}}},"32":{"name":"handler","line":395,"loc":{"start":{"line":395,"column":13},"end":{"line":395,"column":46}}},"33":{"name":"(anonymous_33)","line":398,"loc":{"start":{"line":398,"column":17},"end":{"line":398,"column":37}}},"34":{"name":"(anonymous_34)","line":412,"loc":{"start":{"line":412,"column":22},"end":{"line":412,"column":42}}},"35":{"name":"getJsonCucumberResults","line":418,"loc":{"start":{"line":418,"column":2},"end":{"line":418,"column":42}}},"36":{"name":"(anonymous_36)","line":425,"loc":{"start":{"line":425,"column":40},"end":{"line":425,"column":56}}},"37":{"name":"(anonymous_37)","line":435,"loc":{"start":{"line":435,"column":104},"end":{"line":435,"column":129}}},"38":{"name":"(anonymous_38)","line":439,"loc":{"start":{"line":439,"column":23},"end":{"line":439,"column":35}}},"39":{"name":"(anonymous_39)","line":448,"loc":{"start":{"line":448,"column":48},"end":{"line":448,"column":60}}},"40":{"name":"(anonymous_40)","line":463,"loc":{"start":{"line":463,"column":28},"end":{"line":463,"column":48}}},"41":{"name":"(anonymous_41)","line":487,"loc":{"start":{"line":487,"column":46},"end":{"line":487,"column":65}}},"42":{"name":"(anonymous_42)","line":491,"loc":{"start":{"line":491,"column":26},"end":{"line":491,"column":46}}},"43":{"name":"(anonymous_43)","line":508,"loc":{"start":{"line":508,"column":24},"end":{"line":508,"column":44}}},"44":{"name":"(anonymous_44)","line":519,"loc":{"start":{"line":519,"column":11},"end":{"line":519,"column":31}}},"45":{"name":"(anonymous_45)","line":532,"loc":{"start":{"line":532,"column":34},"end":{"line":532,"column":54}}},"46":{"name":"(anonymous_46)","line":538,"loc":{"start":{"line":538,"column":44},"end":{"line":538,"column":63}}},"47":{"name":"(anonymous_47)","line":543,"loc":{"start":{"line":543,"column":17},"end":{"line":543,"column":37}}},"48":{"name":"(anonymous_48)","line":548,"loc":{"start":{"line":548,"column":26},"end":{"line":548,"column":46}}},"49":{"name":"(anonymous_49)","line":562,"loc":{"start":{"line":562,"column":35},"end":{"line":562,"column":47}}},"50":{"name":"addTestRunnerToRunOrder","line":567,"loc":{"start":{"line":567,"column":32},"end":{"line":567,"column":77}}},"51":{"name":"userHasNotProvidedSeleniumHost","line":571,"loc":{"start":{"line":571,"column":39},"end":{"line":571,"column":81}}},"52":{"name":"userHasProvidedBrowser","line":575,"loc":{"start":{"line":575,"column":31},"end":{"line":575,"column":65}}},"53":{"name":"(anonymous_53)","line":662,"loc":{"start":{"line":662,"column":40},"end":{"line":662,"column":52}}},"54":{"name":"(anonymous_54)","line":664,"loc":{"start":{"line":664,"column":23},"end":{"line":664,"column":35}}}},"statementMap":{"1":{"start":{"line":3,"column":0},"end":{"line":3,"column":65}},"2":{"start":{"line":5,"column":0},"end":{"line":5,"column":53}},"3":{"start":{"line":7,"column":0},"end":{"line":7,"column":95}},"4":{"start":{"line":7,"column":39},"end":{"line":7,"column":93}},"5":{"start":{"line":12,"column":0},"end":{"line":24,"column":42}},"6":{"start":{"line":26,"column":0},"end":{"line":26,"column":22}},"7":{"start":{"line":27,"column":0},"end":{"line":27,"column":29}},"8":{"start":{"line":32,"column":0},"end":{"line":32,"column":44}},"9":{"start":{"line":33,"column":0},"end":{"line":33,"column":50}},"10":{"start":{"line":34,"column":0},"end":{"line":34,"column":55}},"11":{"start":{"line":35,"column":0},"end":{"line":35,"column":42}},"12":{"start":{"line":36,"column":0},"end":{"line":36,"column":52}},"13":{"start":{"line":37,"column":0},"end":{"line":37,"column":44}},"14":{"start":{"line":38,"column":0},"end":{"line":38,"column":44}},"15":{"start":{"line":39,"column":0},"end":{"line":39,"column":57}},"16":{"start":{"line":46,"column":0},"end":{"line":46,"column":69}},"17":{"start":{"line":48,"column":0},"end":{"line":51,"column":2}},"18":{"start":{"line":49,"column":2},"end":{"line":49,"column":50}},"19":{"start":{"line":50,"column":2},"end":{"line":50,"column":56}},"20":{"start":{"line":62,"column":0},"end":{"line":84,"column":1}},"21":{"start":{"line":64,"column":2},"end":{"line":64,"column":27}},"22":{"start":{"line":65,"column":2},"end":{"line":65,"column":31}},"23":{"start":{"line":66,"column":2},"end":{"line":66,"column":22}},"24":{"start":{"line":67,"column":2},"end":{"line":67,"column":30}},"25":{"start":{"line":68,"column":2},"end":{"line":68,"column":44}},"26":{"start":{"line":69,"column":2},"end":{"line":69,"column":15}},"27":{"start":{"line":70,"column":2},"end":{"line":70,"column":31}},"28":{"start":{"line":71,"column":2},"end":{"line":71,"column":27}},"29":{"start":{"line":75,"column":2},"end":{"line":81,"column":3}},"30":{"start":{"line":76,"column":4},"end":{"line":80,"column":5}},"31":{"start":{"line":77,"column":6},"end":{"line":77,"column":31}},"32":{"start":{"line":79,"column":6},"end":{"line":79,"column":137}},"33":{"start":{"line":83,"column":2},"end":{"line":83,"column":31}},"34":{"start":{"line":86,"column":0},"end":{"line":96,"column":1}},"35":{"start":{"line":87,"column":2},"end":{"line":90,"column":3}},"36":{"start":{"line":88,"column":4},"end":{"line":88,"column":52}},"37":{"start":{"line":89,"column":4},"end":{"line":89,"column":11}},"38":{"start":{"line":91,"column":2},"end":{"line":95,"column":3}},"39":{"start":{"line":92,"column":4},"end":{"line":94,"column":7}},"40":{"start":{"line":93,"column":6},"end":{"line":93,"column":53}},"41":{"start":{"line":104,"column":0},"end":{"line":129,"column":2}},"42":{"start":{"line":105,"column":2},"end":{"line":105,"column":18}},"43":{"start":{"line":107,"column":2},"end":{"line":107,"column":20}},"44":{"start":{"line":109,"column":2},"end":{"line":115,"column":3}},"45":{"start":{"line":110,"column":4},"end":{"line":110,"column":35}},"46":{"start":{"line":111,"column":4},"end":{"line":111,"column":34}},"47":{"start":{"line":113,"column":4},"end":{"line":113,"column":20}},"48":{"start":{"line":114,"column":4},"end":{"line":114,"column":11}},"49":{"start":{"line":117,"column":2},"end":{"line":128,"column":3}},"50":{"start":{"line":118,"column":4},"end":{"line":118,"column":46}},"51":{"start":{"line":119,"column":4},"end":{"line":125,"column":5}},"52":{"start":{"line":120,"column":6},"end":{"line":122,"column":9}},"53":{"start":{"line":121,"column":8},"end":{"line":121,"column":34}},"54":{"start":{"line":124,"column":6},"end":{"line":124,"column":22}},"55":{"start":{"line":127,"column":4},"end":{"line":127,"column":30}},"56":{"start":{"line":131,"column":0},"end":{"line":150,"column":2}},"57":{"start":{"line":133,"column":2},"end":{"line":135,"column":3}},"58":{"start":{"line":134,"column":4},"end":{"line":134,"column":131}},"59":{"start":{"line":137,"column":2},"end":{"line":140,"column":3}},"60":{"start":{"line":138,"column":4},"end":{"line":138,"column":55}},"61":{"start":{"line":139,"column":4},"end":{"line":139,"column":107}},"62":{"start":{"line":142,"column":2},"end":{"line":145,"column":3}},"63":{"start":{"line":143,"column":4},"end":{"line":143,"column":52}},"64":{"start":{"line":144,"column":4},"end":{"line":144,"column":102}},"65":{"start":{"line":147,"column":2},"end":{"line":149,"column":3}},"66":{"start":{"line":148,"column":4},"end":{"line":148,"column":104}},"67":{"start":{"line":152,"column":0},"end":{"line":174,"column":2}},"68":{"start":{"line":154,"column":2},"end":{"line":173,"column":3}},"69":{"start":{"line":155,"column":4},"end":{"line":172,"column":5}},"70":{"start":{"line":157,"column":6},"end":{"line":157,"column":62}},"71":{"start":{"line":158,"column":11},"end":{"line":172,"column":5}},"72":{"start":{"line":160,"column":6},"end":{"line":160,"column":66}},"73":{"start":{"line":161,"column":11},"end":{"line":172,"column":5}},"74":{"start":{"line":163,"column":6},"end":{"line":169,"column":7}},"75":{"start":{"line":164,"column":8},"end":{"line":164,"column":68}},"76":{"start":{"line":168,"column":8},"end":{"line":168,"column":48}},"77":{"start":{"line":171,"column":6},"end":{"line":171,"column":190}},"78":{"start":{"line":176,"column":0},"end":{"line":190,"column":2}},"79":{"start":{"line":178,"column":2},"end":{"line":189,"column":3}},"80":{"start":{"line":179,"column":4},"end":{"line":188,"column":5}},"81":{"start":{"line":181,"column":6},"end":{"line":181,"column":67}},"82":{"start":{"line":182,"column":11},"end":{"line":188,"column":5}},"83":{"start":{"line":184,"column":6},"end":{"line":184,"column":68}},"84":{"start":{"line":185,"column":11},"end":{"line":188,"column":5}},"85":{"start":{"line":187,"column":6},"end":{"line":187,"column":71}},"86":{"start":{"line":198,"column":0},"end":{"line":207,"column":2}},"87":{"start":{"line":200,"column":2},"end":{"line":206,"column":3}},"88":{"start":{"line":201,"column":4},"end":{"line":201,"column":17}},"89":{"start":{"line":202,"column":9},"end":{"line":206,"column":3}},"90":{"start":{"line":203,"column":4},"end":{"line":203,"column":18}},"91":{"start":{"line":205,"column":4},"end":{"line":205,"column":23}},"92":{"start":{"line":214,"column":0},"end":{"line":280,"column":2}},"93":{"start":{"line":216,"column":2},"end":{"line":216,"column":18}},"94":{"start":{"line":218,"column":2},"end":{"line":218,"column":28}},"95":{"start":{"line":219,"column":2},"end":{"line":221,"column":3}},"96":{"start":{"line":220,"column":4},"end":{"line":220,"column":59}},"97":{"start":{"line":223,"column":2},"end":{"line":225,"column":3}},"98":{"start":{"line":224,"column":4},"end":{"line":224,"column":49}},"99":{"start":{"line":227,"column":2},"end":{"line":229,"column":3}},"100":{"start":{"line":228,"column":4},"end":{"line":228,"column":52}},"101":{"start":{"line":231,"column":2},"end":{"line":231,"column":43}},"102":{"start":{"line":233,"column":2},"end":{"line":237,"column":5}},"103":{"start":{"line":240,"column":2},"end":{"line":242,"column":3}},"104":{"start":{"line":241,"column":4},"end":{"line":241,"column":47}},"105":{"start":{"line":244,"column":2},"end":{"line":250,"column":3}},"106":{"start":{"line":245,"column":4},"end":{"line":245,"column":64}},"107":{"start":{"line":246,"column":4},"end":{"line":249,"column":7}},"108":{"start":{"line":247,"column":6},"end":{"line":247,"column":54}},"109":{"start":{"line":248,"column":6},"end":{"line":248,"column":19}},"110":{"start":{"line":253,"column":2},"end":{"line":279,"column":5}},"111":{"start":{"line":255,"column":4},"end":{"line":255,"column":21}},"112":{"start":{"line":256,"column":4},"end":{"line":262,"column":5}},"113":{"start":{"line":257,"column":6},"end":{"line":259,"column":9}},"114":{"start":{"line":258,"column":8},"end":{"line":258,"column":42}},"115":{"start":{"line":260,"column":11},"end":{"line":262,"column":5}},"116":{"start":{"line":261,"column":6},"end":{"line":261,"column":54}},"117":{"start":{"line":263,"column":4},"end":{"line":263,"column":85}},"118":{"start":{"line":266,"column":4},"end":{"line":275,"column":7}},"119":{"start":{"line":269,"column":6},"end":{"line":271,"column":7}},"120":{"start":{"line":270,"column":8},"end":{"line":270,"column":15}},"121":{"start":{"line":273,"column":6},"end":{"line":273,"column":40}},"122":{"start":{"line":274,"column":6},"end":{"line":274,"column":19}},"123":{"start":{"line":277,"column":4},"end":{"line":277,"column":67}},"124":{"start":{"line":278,"column":4},"end":{"line":278,"column":17}},"125":{"start":{"line":287,"column":0},"end":{"line":299,"column":2}},"126":{"start":{"line":288,"column":2},"end":{"line":288,"column":18}},"127":{"start":{"line":289,"column":2},"end":{"line":298,"column":3}},"128":{"start":{"line":290,"column":4},"end":{"line":295,"column":7}},"129":{"start":{"line":291,"column":6},"end":{"line":293,"column":7}},"130":{"start":{"line":292,"column":8},"end":{"line":292,"column":20}},"131":{"start":{"line":294,"column":6},"end":{"line":294,"column":30}},"132":{"start":{"line":297,"column":4},"end":{"line":297,"column":47}},"133":{"start":{"line":301,"column":0},"end":{"line":320,"column":2}},"134":{"start":{"line":303,"column":2},"end":{"line":303,"column":33}},"135":{"start":{"line":305,"column":2},"end":{"line":309,"column":5}},"136":{"start":{"line":311,"column":2},"end":{"line":311,"column":28}},"137":{"start":{"line":313,"column":2},"end":{"line":313,"column":17}},"138":{"start":{"line":315,"column":2},"end":{"line":315,"column":86}},"139":{"start":{"line":317,"column":2},"end":{"line":319,"column":3}},"140":{"start":{"line":318,"column":4},"end":{"line":318,"column":29}},"141":{"start":{"line":322,"column":0},"end":{"line":345,"column":2}},"142":{"start":{"line":323,"column":2},"end":{"line":332,"column":5}},"143":{"start":{"line":333,"column":2},"end":{"line":344,"column":5}},"144":{"start":{"line":334,"column":4},"end":{"line":337,"column":5}},"145":{"start":{"line":335,"column":6},"end":{"line":335,"column":53}},"146":{"start":{"line":336,"column":6},"end":{"line":336,"column":18}},"147":{"start":{"line":339,"column":4},"end":{"line":339,"column":53}},"148":{"start":{"line":340,"column":4},"end":{"line":343,"column":7}},"149":{"start":{"line":341,"column":6},"end":{"line":341,"column":70}},"150":{"start":{"line":342,"column":6},"end":{"line":342,"column":18}},"151":{"start":{"line":347,"column":0},"end":{"line":357,"column":2}},"152":{"start":{"line":349,"column":2},"end":{"line":349,"column":58}},"153":{"start":{"line":350,"column":2},"end":{"line":353,"column":3}},"154":{"start":{"line":351,"column":4},"end":{"line":351,"column":73}},"155":{"start":{"line":352,"column":4},"end":{"line":352,"column":19}},"156":{"start":{"line":354,"column":2},"end":{"line":354,"column":56}},"157":{"start":{"line":355,"column":2},"end":{"line":355,"column":29}},"158":{"start":{"line":356,"column":2},"end":{"line":356,"column":25}},"159":{"start":{"line":359,"column":0},"end":{"line":405,"column":2}},"160":{"start":{"line":360,"column":2},"end":{"line":360,"column":18}},"161":{"start":{"line":361,"column":2},"end":{"line":370,"column":5}},"162":{"start":{"line":365,"column":6},"end":{"line":368,"column":9}},"163":{"start":{"line":366,"column":8},"end":{"line":366,"column":53}},"164":{"start":{"line":367,"column":8},"end":{"line":367,"column":74}},"165":{"start":{"line":371,"column":2},"end":{"line":382,"column":5}},"166":{"start":{"line":376,"column":6},"end":{"line":376,"column":54}},"167":{"start":{"line":377,"column":6},"end":{"line":380,"column":9}},"168":{"start":{"line":378,"column":8},"end":{"line":378,"column":53}},"169":{"start":{"line":379,"column":8},"end":{"line":379,"column":74}},"170":{"start":{"line":383,"column":2},"end":{"line":391,"column":5}},"171":{"start":{"line":387,"column":6},"end":{"line":389,"column":9}},"172":{"start":{"line":388,"column":8},"end":{"line":388,"column":65}},"173":{"start":{"line":392,"column":2},"end":{"line":404,"column":5}},"174":{"start":{"line":396,"column":6},"end":{"line":396,"column":45}},"175":{"start":{"line":397,"column":6},"end":{"line":397,"column":37}},"176":{"start":{"line":398,"column":6},"end":{"line":402,"column":9}},"177":{"start":{"line":399,"column":8},"end":{"line":399,"column":47}},"178":{"start":{"line":400,"column":8},"end":{"line":400,"column":53}},"179":{"start":{"line":401,"column":8},"end":{"line":401,"column":74}},"180":{"start":{"line":412,"column":0},"end":{"line":455,"column":2}},"181":{"start":{"line":414,"column":2},"end":{"line":414,"column":50}},"182":{"start":{"line":416,"column":2},"end":{"line":416,"column":18}},"183":{"start":{"line":418,"column":2},"end":{"line":433,"column":3}},"184":{"start":{"line":419,"column":4},"end":{"line":419,"column":32}},"185":{"start":{"line":420,"column":4},"end":{"line":422,"column":5}},"186":{"start":{"line":421,"column":6},"end":{"line":421,"column":16}},"187":{"start":{"line":424,"column":4},"end":{"line":424,"column":26}},"188":{"start":{"line":425,"column":4},"end":{"line":431,"column":7}},"189":{"start":{"line":426,"column":6},"end":{"line":426,"column":95}},"190":{"start":{"line":427,"column":6},"end":{"line":430,"column":7}},"191":{"start":{"line":428,"column":8},"end":{"line":428,"column":68}},"192":{"start":{"line":429,"column":8},"end":{"line":429,"column":20}},"193":{"start":{"line":432,"column":4},"end":{"line":432,"column":34}},"194":{"start":{"line":435,"column":2},"end":{"line":454,"column":5}},"195":{"start":{"line":436,"column":4},"end":{"line":443,"column":5}},"196":{"start":{"line":437,"column":6},"end":{"line":437,"column":59}},"197":{"start":{"line":438,"column":6},"end":{"line":440,"column":7}},"198":{"start":{"line":439,"column":8},"end":{"line":439,"column":39}},"199":{"start":{"line":442,"column":6},"end":{"line":442,"column":40}},"200":{"start":{"line":445,"column":4},"end":{"line":453,"column":5}},"201":{"start":{"line":446,"column":6},"end":{"line":446,"column":62}},"202":{"start":{"line":447,"column":6},"end":{"line":447,"column":68}},"203":{"start":{"line":448,"column":6},"end":{"line":450,"column":9}},"204":{"start":{"line":449,"column":8},"end":{"line":449,"column":32}},"205":{"start":{"line":452,"column":6},"end":{"line":452,"column":30}},"206":{"start":{"line":463,"column":0},"end":{"line":501,"column":2}},"207":{"start":{"line":465,"column":2},"end":{"line":465,"column":36}},"208":{"start":{"line":467,"column":2},"end":{"line":467,"column":18}},"209":{"start":{"line":469,"column":2},"end":{"line":469,"column":29}},"210":{"start":{"line":471,"column":2},"end":{"line":478,"column":3}},"211":{"start":{"line":472,"column":4},"end":{"line":472,"column":32}},"212":{"start":{"line":473,"column":4},"end":{"line":473,"column":51}},"213":{"start":{"line":474,"column":4},"end":{"line":476,"column":5}},"214":{"start":{"line":475,"column":6},"end":{"line":475,"column":17}},"215":{"start":{"line":477,"column":4},"end":{"line":477,"column":11}},"216":{"start":{"line":480,"column":2},"end":{"line":480,"column":72}},"217":{"start":{"line":482,"column":2},"end":{"line":482,"column":28}},"218":{"start":{"line":483,"column":2},"end":{"line":485,"column":3}},"219":{"start":{"line":484,"column":4},"end":{"line":484,"column":48}},"220":{"start":{"line":487,"column":2},"end":{"line":489,"column":5}},"221":{"start":{"line":488,"column":4},"end":{"line":488,"column":43}},"222":{"start":{"line":491,"column":2},"end":{"line":500,"column":5}},"223":{"start":{"line":492,"column":4},"end":{"line":492,"column":32}},"224":{"start":{"line":493,"column":4},"end":{"line":493,"column":57}},"225":{"start":{"line":494,"column":4},"end":{"line":496,"column":5}},"226":{"start":{"line":495,"column":6},"end":{"line":495,"column":46}},"227":{"start":{"line":497,"column":4},"end":{"line":499,"column":5}},"228":{"start":{"line":498,"column":6},"end":{"line":498,"column":38}},"229":{"start":{"line":508,"column":0},"end":{"line":525,"column":2}},"230":{"start":{"line":510,"column":2},"end":{"line":510,"column":33}},"231":{"start":{"line":512,"column":2},"end":{"line":512,"column":18}},"232":{"start":{"line":514,"column":2},"end":{"line":517,"column":3}},"233":{"start":{"line":515,"column":4},"end":{"line":515,"column":63}},"234":{"start":{"line":516,"column":4},"end":{"line":516,"column":11}},"235":{"start":{"line":519,"column":2},"end":{"line":524,"column":5}},"236":{"start":{"line":520,"column":4},"end":{"line":522,"column":5}},"237":{"start":{"line":521,"column":6},"end":{"line":521,"column":25}},"238":{"start":{"line":523,"column":4},"end":{"line":523,"column":40}},"239":{"start":{"line":532,"column":0},"end":{"line":555,"column":2}},"240":{"start":{"line":534,"column":2},"end":{"line":534,"column":18}},"241":{"start":{"line":536,"column":2},"end":{"line":536,"column":43}},"242":{"start":{"line":538,"column":2},"end":{"line":540,"column":5}},"243":{"start":{"line":539,"column":4},"end":{"line":539,"column":39}},"244":{"start":{"line":543,"column":2},"end":{"line":546,"column":5}},"245":{"start":{"line":544,"column":4},"end":{"line":544,"column":58}},"246":{"start":{"line":545,"column":4},"end":{"line":545,"column":15}},"247":{"start":{"line":548,"column":2},"end":{"line":554,"column":5}},"248":{"start":{"line":549,"column":4},"end":{"line":552,"column":5}},"249":{"start":{"line":550,"column":6},"end":{"line":550,"column":34}},"250":{"start":{"line":551,"column":6},"end":{"line":551,"column":72}},"251":{"start":{"line":553,"column":4},"end":{"line":553,"column":23}},"252":{"start":{"line":562,"column":0},"end":{"line":655,"column":2}},"253":{"start":{"line":564,"column":2},"end":{"line":564,"column":21}},"254":{"start":{"line":565,"column":2},"end":{"line":565,"column":18}},"255":{"start":{"line":567,"column":2},"end":{"line":569,"column":4}},"256":{"start":{"line":568,"column":4},"end":{"line":568,"column":90}},"257":{"start":{"line":571,"column":2},"end":{"line":573,"column":4}},"258":{"start":{"line":572,"column":4},"end":{"line":572,"column":53}},"259":{"start":{"line":575,"column":2},"end":{"line":577,"column":4}},"260":{"start":{"line":576,"column":4},"end":{"line":576,"column":56}},"261":{"start":{"line":579,"column":2},"end":{"line":595,"column":3}},"262":{"start":{"line":580,"column":4},"end":{"line":594,"column":5}},"263":{"start":{"line":581,"column":6},"end":{"line":581,"column":66}},"264":{"start":{"line":582,"column":6},"end":{"line":582,"column":54}},"265":{"start":{"line":583,"column":6},"end":{"line":583,"column":30}},"266":{"start":{"line":584,"column":11},"end":{"line":594,"column":5}},"267":{"start":{"line":585,"column":6},"end":{"line":585,"column":66}},"268":{"start":{"line":586,"column":6},"end":{"line":586,"column":56}},"269":{"start":{"line":587,"column":6},"end":{"line":587,"column":31}},"270":{"start":{"line":588,"column":11},"end":{"line":594,"column":5}},"271":{"start":{"line":590,"column":6},"end":{"line":590,"column":69}},"272":{"start":{"line":591,"column":6},"end":{"line":591,"column":66}},"273":{"start":{"line":592,"column":6},"end":{"line":592,"column":64}},"274":{"start":{"line":593,"column":6},"end":{"line":593,"column":35}},"275":{"start":{"line":597,"column":2},"end":{"line":652,"column":3}},"276":{"start":{"line":598,"column":4},"end":{"line":598,"column":48}},"277":{"start":{"line":599,"column":4},"end":{"line":599,"column":26}},"278":{"start":{"line":600,"column":9},"end":{"line":652,"column":3}},"279":{"start":{"line":601,"column":4},"end":{"line":601,"column":52}},"280":{"start":{"line":602,"column":4},"end":{"line":602,"column":28}},"281":{"start":{"line":604,"column":4},"end":{"line":651,"column":5}},"282":{"start":{"line":606,"column":6},"end":{"line":626,"column":7}},"283":{"start":{"line":607,"column":8},"end":{"line":607,"column":73}},"284":{"start":{"line":608,"column":8},"end":{"line":612,"column":9}},"285":{"start":{"line":609,"column":10},"end":{"line":609,"column":69}},"286":{"start":{"line":611,"column":10},"end":{"line":611,"colu
[...]
m]', e.message);","      log.info('[chimp][selenium] Detected a connection error in selenium-standalone. Are you offline?');","      log.info('[chimp][selenium] Consider using the --offline option to explicitly skip installing Selenium & drivers.');","      log.info('[chimp][selenium] Attempting to continue...');","      callback(null, r);","    } else {","      callback(e, r);","    }","  });","","  function progressCb(total, progress, chunk) {","    if (firstProgress) {","      firstProgress = false;","    }","","    bar = bar || new ProgressBar('selenium-standalone installation [:bar] :percent :etas', {","      total: total,","      complete: '=',","      incomplete: ' ',","      width: 20","    });","","    bar.tick(chunk);","  }","};","","/**"," * Start Selenium process."," *"," * It also installs Selenium if necessary."," *"," * @param {Function} callback"," * @api public"," */","Selenium.prototype.start = function (callback) {","  var self = this;","  var port = self.options.port;","","  log.debug('[chimp][selenium]', 'Start');","","  if (self.child) {","    log.debug('[chimp][selenium]', 'Already running, doing nothing');","    callback(null);","    return;","  }","","  self.install(function (error) {","    if (error) {","      log.error('[selenium]', error);","      callback(error);","      return;","    }","","    if (!self.seleniumStandaloneOptions.seleniumArgs) {","      self.seleniumStandaloneOptions.seleniumArgs = [];","    }","    self.seleniumStandaloneOptions.seleniumArgs.push('-port', port);","","    if (process.env['chimp.log'] === 'verbose' || process.env['chimp.log'] === 'debug') {","      self.options.seleniumDebug = true;","    }","","    if (self.options.seleniumDebug) {","      self.seleniumStandaloneOptions.seleniumArgs.push('-debug');","    }","","    log.debug('\\n[chimp][selenium] hub can be seen at http://localhost:' + port + '/wd/hub');","","    selenium.start(self.seleniumStandaloneOptions, function (error, seleniumChild) {","","      self.child = seleniumChild;","","      if (error) {","        callback(error);","        return;","      }","","      if (self.options.seleniumDebug) {","        processHelper.logOutputs('selenium', self.child);","      }","","      process.on('exit', function () {","        log.debug('[chimp][selenium] process exit event detected. Stopping process');","        self.stop(function () {","          log.debug('[chimp][selenium] process exit event stop complete');","        });","      });","","      callback(null);","    });","  });","};","","Selenium.prototype.stop = function (callback) {","","  var self = this;","","  if (self.child) {","","    log.debug('[chimp][selenium] killing active session');","","    var options = {","      child: self.child,","      prefix: 'selenium',","      signal: 'SIGINT'","    };","","    log.debug('[chimp][selenium] stopping process');","    processHelper.kill(options, function (err, res) {","      self.child = null;","      callback(err, res);","    });","  } else {","    log.debug('[chimp][selenium] no process to kill');","    callback(null);","  }","};","","Selenium.prototype.interrupt = function (callback) {","  log.debug('[chimp][selenium] interrupt called');","  if (!this.options['watch'] || !!this.options['clean-selenium-server']) {","    this.stop(callback);","  } else {","    log.debug('[chimp][selenium] interrupt is not killing selenium because ' + 'clean-selenium-server not set');","    callback(null);","  }","};","","module.exports = Selenium;"],"l":{"3":1,"5":1,"7":1,"9":1,"21":1,"23":0,"24":0,"27":0,"28":0,"31":0,"33":0,"35":0,"37":0,"38":0,"39":0,"41":0,"42":0,"45":0,"46":0,"55":1,"56":0,"57":0,"58":0,"60":0,"61":0,"62":0,"63":0,"66":0,"68":0,"70":0,"71":0,"72":0,"73":0,"74":0,"75":0,"76":0,"78":0,"82":1,"83":0,"84":0,"87":0,"94":0,"106":1,"107":0,"108":0,"110":0,"112":0,"113":0,"114":0,"115":0,"118":0,"119":0,"120":0,"121":0,"122":0,"125":0,"126":0,"128":0,"130":0,"131":0,"134":0,"135":0,"138":0,"140":0,"142":0,"144":0,"145":0,"146":0,"149":0,"150":0,"153":0,"154":0,"155":0,"156":0,"160":0,"165":1,"167":0,"169":0,"171":0,"173":0,"179":0,"180":0,"181":0,"182":0,"185":0,"186":0,"190":1,"191":0,"192":0,"193":0,"195":0,"196":0,"200":1}},"/home/travis/build/npmtest/node-npmtest-chimp/node_modules/chimp/dist/lib/simian-reporter.js":{"path":"/home/travis/build/npmtest/node-npmtest-chimp/node_modules/chimp/dist/lib/simian-reporter.js","s":{"1":1,"2":1,"3":1,"4":1,"5":1,"6":2,"7":1,"8":0,"9":0,"10":1,"11":0,"12":0,"13":0,"14":0,"15":0,"16":0,"17":0,"18":0,"19":0,"20":0,"21":0,"22":0,"23":0,"24":0,"25":1},"b":{"1":[0,2],"2":[2,2],"3":[0,0],"4":[0,0],"5":[0,0],"6":[0,0],"7":[0,0]},"f":{"1":2,"2":0,"3":0,"4":0},"fnMap":{"1":{"name":"_interopRequireDefault","line":11,"loc":{"start":{"line":11,"column":0},"end":{"line":11,"column":37}}},"2":{"name":"SimianReporter","line":19,"loc":{"start":{"line":19,"column":0},"end":{"line":19,"column":33}}},"3":{"name":"report","line":26,"loc":{"start":{"line":26,"column":34},"end":{"line":26,"column":80}}},"4":{"name":"(anonymous_4)","line":52,"loc":{"start":{"line":52,"column":5},"end":{"line":52,"column":38}}}},"statementMap":{"1":{"start":{"line":3,"column":0},"end":{"line":3,"column":34}},"2":{"start":{"line":5,"column":0},"end":{"line":5,"column":49}},"3":{"start":{"line":7,"column":0},"end":{"line":7,"column":28}},"4":{"start":{"line":9,"column":0},"end":{"line":9,"column":41}},"5":{"start":{"line":11,"column":0},"end":{"line":11,"column":95}},"6":{"start":{"line":11,"column":39},"end":{"line":11,"column":93}},"7":{"start":{"line":19,"column":0},"end":{"line":24,"column":1}},"8":{"start":{"line":20,"column":2},"end":{"line":20,"column":25}},"9":{"start":{"line":23,"column":2},"end":{"line":23,"column":33}},"10":{"start":{"line":26,"column":0},"end":{"line":64,"column":2}},"11":{"start":{"line":27,"column":2},"end":{"line":29,"column":4}},"12":{"start":{"line":30,"column":2},"end":{"line":32,"column":3}},"13":{"start":{"line":31,"column":4},"end":{"line":31,"column":57}},"14":{"start":{"line":33,"column":2},"end":{"line":37,"column":5}},"15":{"start":{"line":39,"column":2},"end":{"line":43,"column":4}},"16":{"start":{"line":44,"column":2},"end":{"line":46,"column":3}},"17":{"start":{"line":45,"column":4},"end":{"line":45,"column":68}},"18":{"start":{"line":48,"column":2},"end":{"line":63,"column":5}},"19":{"start":{"line":53,"column":4},"end":{"line":61,"column":5}},"20":{"start":{"line":54,"column":6},"end":{"line":54,"column":77}},"21":{"start":{"line":56,"column":6},"end":{"line":60,"column":7}},"22":{"start":{"line":57,"column":8},"end":{"line":57,"column":87}},"23":{"start":{"line":59,"column":8},"end":{"line":59,"column":104}},"24":{"start":{"line":62,"column":4},"end":{"line":62,"column":20}},"25":{"start":{"line":66,"column":0},"end":{"line":66,"column":32}}},"branchMap":{"1":{"line":11,"type":"cond-expr","locations":[{"start":{"line":11,"column":70},"end":{"line":11,"column":73}},{"start":{"line":11,"column":76},"end":{"line":11,"column":92}}]},"2":{"line":11,"type":"binary-expr","locations":[{"start":{"line":11,"column":46},"end":{"line":11,"column":49}},{"start":{"line":11,"column":53},"end":{"line":11,"column":67}}]},"3":{"line":30,"type":"if","locations":[{"start":{"line":30,"column":2},"end":{"line":30,"column":2}},{"start":{"line":30,"column":2},"end":{"line":30,"column":2}}]},"4":{"line":44,"type":"if","locations":[{"start":{"line":44,"column":2},"end":{"line":44,"column":2}},{"start":{"line":44,"column":2},"end":{"line":44,"column":2}}]},"5":{"line":53,"type":"if","locations":[{"start":{"line":53,"column":4},"end":{"line":53,"column":4}},{"start":{"line":53,"column":4},"end":{"line":53,"column":4}}]},"6":{"line":53,"type":"binary-expr","locations":[{"start":{"line":53,"column":8},"end":{"line":53,"column":14}},{"start":{"line":53,"column":18},"end":{"line":53,"column":45}}]},"7":{"line":56,"type":"if","locations":[{"start":{"line":56,"column":6},"end":{"line":56,"column":6}},{"start":{"line":56,"column":6},"end":{"line":56,"column":6}}]}},"code":["'use strict';","","var _request = require('request');","","var _request2 = _interopRequireDefault(_request);","","var _log = require('./log');","","var _log2 = _interopRequireDefault(_log);","","function _interopRequireDefault(obj) { return obj && obj.__esModule ? obj : { default: obj }; }","","/**"," * SimianReporter Constructor"," *"," * @param {Object} options"," * @api public"," */","function SimianReporter(options) {","  this.options = options;","","  // FIXME: We need a way to isolate instance in jest tests, until then this allows asserions","  SimianReporter.instance = this;","}","","SimianReporter.prototype.report = function report(jsonCucumberResult, callback) {","  var query = {","    accessToken: this.options.simianAccessToken","  };","  if (this.options.simianRepositoryId) {","    query.repositoryId = this.options.simianRepositoryId;","  }","  var url = require('url').format({","    protocol: 'http',","    host: this.options.simianResultEndPoint,","    query: query","  });","","  var data = {","    type: 'cucumber',","    branch: this.options.simianResultBranch,","    result: jsonCucumberResult","  };","  if (this.options.simianBuildNumber) {","    data.buildNumber = parseInt(this.options.simianBuildNumber, 10);","  }","","  _request2.default.post({","    url: url,","    json: true,","    body: data","  }, function (error, response, body) {","    if (!error && response.statusCode === 200) {","      _log2.default.debug('[chimp][simian-reporter]', 'received data', body);","    } else {","      if (body) {","        _log2.default.error('[chimp][simian-reporter] Error from Simian:', body.error);","      } else {","        _log2.default.error('[chimp][simian-reporter]', 'Error while sending result to Simian:', error);","      }","    }","    callback(error);","  });","};","","module.exports = SimianReporter;"],"l":{"3":1,"5":1,"7":1,"9":1,"11":2,"19":1,"20":0,"23":0,"26":1,"27":0,"30":0,"31":0,"33":0,"39":0,"44":0,"45":0,"48":0,"53":0,"54":0,"56":0,"57":0,"59":0,"62":0,"66":1}},"/home/travis/build/npmtest/node-npmtest-chimp/node_modules/chimp/chimp.js":{"path":"/home/travis/build/npmtest/node-npmtest-chimp/node_modules/chimp/chimp.js","s":{"1":1},"b":{},"f":{},"fnMap":{},"statementMap":{"1":{"start":{"line":1,"column":0},"end":{"line":18,"column":2}}},"branchMap":{},"code":["module.exports = {","  // - - - - CHIMP - - - -","  watch: false,","  watchTags: '@watch',","  offline: false,","","  // - - - - CUCUMBER - - - -","  path: './features',","","  jsonOutput: 'output.json',","","  // '- - - - DEBUGGING  - - - -","  log: 'info',","  debug: false,","  seleniumDebug: false,","  webdriverLogLevel: false,","  // debugBrkCucumber: 5858,","};",""],"l":{"1":1}},"/home/travis/build/npmtest/node-npmtest-chimp/node_modules/chimp/index.js":{"path":"/home/travis/build/npmtest/node-npmtest-chimp/node_modules/chimp/index.js","s":{"1":2},"b":{},"f":{},"fnMap":{},"statementMap":{"1":{"start":{"line":1,"column":0},"end":{"line":1,"column":41}}},"branchMap":{},"code":["module.exports = require('./dist/index');",""],"l":{"1":2}},"/home/travis/build/npmtest/node-npmtest-chimp/node_modules/chimp/mocha-setup.js":{"path":"/home/travis/build/npmtest/node-npmtest-chimp/node_modules/chimp/mocha-setup.js","s":{"1":2,"2":2,"3":2,"4":2,"5":2,"6":2,"7":0,"8":0,"9":0,"10":0,"11":0},"b":{},"f":{"1":2},"fnMap":{"1":{"name":"(anonymous_1)","line":1,"loc":{"start":{"line":1,"column":1},"end":{"line":1,"column":13}}}},"statementMap":{"1":{"start":{"line":1,"column":0},"end":{"line":15,"column":5}},"2":{"start":{"line":2,"column":2},"end":{"line":2,"column":31}},"3":{"start":{"line":3,"column":2},"end":{"line":3,"column":16}},"4":{"start":{"line":4,"column":2},"end":{"line":4,"column":30}},"5":{"start":{"line":5,"column":2},"end":{"line":5,"column":30}},"6":{"start":{"line":7,"column":2},"end":{"line":7,"column":35}},"7":{"start":{"line":8,"column":2},"end":{"line":8,"column":37}},"8":{"start":{"line":9,"column":2},"end":{"line":9,"column":17}},"9":{"start":{"line":11,"column":2},"end":{"line":14,"column":5}},"10":{"start":{"line":12,"column":4},"end":{"line":12,"column":15}},"11":{"start":{"line":13,"column":4},"end":{"line":13,"column":59}}},"branchMap":{},"code":["(function () {","  const chai = require('chai');","  chai.should();","  global.expect = chai.expect;","  global.assert = chai.assert;","","  const td = require('testdouble');","  const quibble = require('quibble');","  global.td = td;","","  beforeEach(() => {","    td.reset();","    quibble.ignoreCallsFromThisFile(require.main.filename);","  });","})();",""],"l":{"1":2,"2":2,"3":2,"4":2,"5":2,"7":2,"8":0,"9":0,"11":0,"12":0,"13":0}},"/home/travis/build/npmtest/node-npmtest-chimp/node_modules/chimp/wallaby.js":{"path":"/home/travis/build/npmtest/node-npmtest-chimp/node_modules/chimp/wallaby.js","s":{"1":1,"2":0,"3":0,"4":0,"5":0,"6":0,"7":0,"8":0,"9":0,"10":0,"11":0,"12":0,"13":0},"b":{},"f":{"1":0,"2":0},"fnMap":{"1":{"name":"(anonymous_1)","line":1,"loc":{"start":{"line":1,"column":17},"end":{"line":1,"column":36}}},"2":{"name":"(anonymous_2)","line":35,"loc":{"start":{"line":35,"column":15},"end":{"line":35,"column":34}}}},"statementMap":{"1":{"start":{"line":1,"column":0},"end":{"line":46,"column":2}},"2":{"start":{"line":3,"column":2},"end":{"line":3,"column":25}},"3":{"start":{"line":4,"column":2},"end":{"line":4,"column":29}},"4":{"start":{"line":5,"column":2},"end":{"line":5,"column":36}},"5":{"start":{"line":6,"column":2},"end":{"line":8,"column":4}},"6":{"start":{"line":9,"column":2},"end":{"line":9,"column":28}},"7":{"start":{"line":11,"column":2},"end":{"line":45,"column":4}},"8":{"start":{"line":36,"column":6},"end":{"line":36,"column":33}},"9":{"start":{"line":37,"column":6},"end":{"line":37,"column":84}},"10":{"start":{"line":38,"column":6},"end":{"line":38,"column":53}},"11":{"start":{"line":39,"column":6},"end":{"line":39,"column":42}},"12":{"start":{"line":40,"column":6},"end":{"line":40,"column":43}},"13":{"start":{"line":41,"column":6},"end":{"line":41,"column":50}}},"branchMap":{},"code":["module.exports = function (wallaby) {","","  var fs = require('fs');","  var path = require('path');","  var babel = require('babel-core');","  var babelConfig = JSON.parse(","    fs.readFileSync(path.join(__dirname, '.babelrc'))","  );","  babelConfig.babel = babel;","","  return {","    files: [","      'src/bin/*.js',","      'src/lib/**/*.js',","      'src/__mocks__/*.js'","    ],","","    tests: [","      'src/__tests__/*.js'","    ],","","    compilers: {","      '**/*.js': wallaby.compilers.babel(babelConfig)","    },","","    env: {","      type: 'node',","      params: {","        runner: '--harmony'","      }","    },","","    testFramework: 'jest',","","    bootstrap: function (wallaby) {","      var path = require('path');","      var packageConfigPath = path.resolve(wallaby.localProjectDir, 'package.json');","      var packageConfig = require(packageConfigPath);","      var jestConfig = packageConfig.jest;","      delete jestConfig.scriptPreprocessor;","      wallaby.testFramework.configure(jestConfig);","    },","","    debug: true","  };","};",""],"l":{"1":1,"3":0,"4":0,"5":0,"6":0,"9":0,"11":0,"36":0,"37":0,"38":0,"39":0,"40":0,"41":0}},"/home/travis/build/npmtest/node-npmtest-chimp/node_modules/chimp/wallaby-mocha.js":{"path":"/home/travis/build/npmtest/node-npmtest-chimp/node_modules/chimp/wallaby-mocha.js","s":{"1":1,"2":0,"3":0,"4":0,"5":0},"b":{},"f":{},"fnMap":{},"statementMap":{"1":{"start":{"line":1,"column":0},"end":{"line":16,"column":2}},"2":{"start":{"line":2,"column":2},"end":{"line":2,"column":31}},"3":{"start":{"line":3,"column":2},"end":{"line":3,"column":73}},"4":{"start":{"line":4,"column":2},"end":{"line":15,"column":3}},"5":{"start":{"line":13,"column":6},"end":{"line":13,"column":81}}},"branchMap":{},"code":["module.exports = (wallaby) => {","  const path = require('path');","  const packageJson = require(`${wallaby.localProjectDir}/package.json`);","  return {","    debug: false,","    testFramework: 'mocha',","    files: packageJson.mocha.files,","    tests: packageJson.mocha.tests,","    compilers: {'**/*.js': wallaby.compilers.babel()},","    env: {type: 'node'},","    workers: {initial: 1, regular: 1, recycle: true},","    setup: () => {","      wallaby.testFramework.addFile(`${wallaby.localProjectDir}/mocha-setup.js`);","    },","  }","};",""],"l":{"1":1,"2":0,"3":0,"4":0,"13":0}},"/home/travis/build/npmtest/node-npmtest-chimp/node_modules/chimp/features/step_definitions/es2015-steps.js":{"path":"/home/travis/build/npmtest/node-npmtest-chimp/node_modules/chimp/features/step_definitions/es2015-steps.js","s":{"1":1,"2":0,"3":0,"4":0,"5":0,"6":0,"7":0,"8":0,"9":0},"b":{},"f":{"1":0,"2":0,"3":0,"4":0,"5":0,"6":0},"fnMap":{"1":{"name":"(anonymous_1)","line":1,"loc":{"start":{"line":1,"column":17},"end":{"line":1,"column":29}}},"2":{"name":"(anonymous_2)","line":3,"loc":{"start":{"line":3,"column":30},"end":{"line":3,"column":42}}},"3":{"name":"(anonymous_3)","line":7,"loc":{"start":{"line":7,"column":17},"end":{"line":7,"column":20}}},"4":{"name":"(anonymous_4)","line":8,"loc":{"start":{"line":8,"column":9},"end":{"line":8,"column":12}}},"5":{"name":"(anonymous_5)","line":11,"loc":{"start":{"line":11,"column":9},"end":{"line":11,"column":12}}},"6":{"name":"(anonymous_6)","line":17,"loc":{"start":{"line":17,"column":26},"end":{"line":17,"column":38}}}},"statementMap":{"1":{"start":{"line":1,"column":0},"end":{"line":19,"column":2}},"2":{"start":{"line":3,"column":2},"end":{"line":15,"column":5}},"3":{"start":{"line":4,"column":4},"end":{"line":4,"column":40}},"4":{"start":{"line":5,"column":4},"end":{"line":5,"column":35}},"5":{"start":{"line":5,"column":31},"end":{"line":5,"column":34}},"6":{"start":{"line":10,"column":4},"end":{"line":12,"column":6}},"7":{"start":{"line":13,"column":4},"end":{"line":13,"column":33}},"8":{"start":{"line":14,"column":4},"end":{"line":14,"column":28}},"9":{"start":{"line":17,"column":2},"end":{"line":17,"column":42}}},"branchMap":{},"code":["module.exports = function () {","","  this.When(/^I use ES2015$/, function () {","    const {a, b} = {a: 'foo', b: 'bar'};","    const arrowFunc = (foo) => foo;","    class Foo {","      constructor() {}","      foo() {}","    }","    var object = {","      foo() {}","    };","    const templateString = `Foo`;","    const [c, ,d] = [1,2,3];","  });","","  this.When(/^it works$/, function () {});","","};",""],"l":{"1":1,"3":0,"4":0,"5":0,"10":0,"13":0,"14":0,"17":0}},"/home/travis/build/npmtest/node-npmtest-chimp/node_modules/chimp/features/step_definitions/webdriver-steps.js":{"path":"/home/travis/build/npmtest/node-npmtest-chimp/node_modules/chimp/features/step_definitions/webdriver-steps.js","s":{"1":1,"2":0,"3":0,"4":0,"5":0,"6":1},"b":{},"f":{"1":0,"2":0,"3":0},"fnMap":{"1":{"name":"(anonymous_1)","line":1,"loc":{"start":{"line":1,"column":31},"end":{"line":1,"column":43}}},"2":{"name":"(anonymous_2)","line":3,"loc":{"start":{"line":3,"column":35},"end":{"line":3,"column":50}}},"3":{"name":"(anonymous_3)","line":7,"loc":{"start":{"line":7,"column":46},"end":{"line":7,"column":63}}}},"statementMap":{"1":{"start":{"line":1,"column":0},"end":{"line":11,"column":2}},"2":{"start":{"line":3,"column":2},"end":{"line":5,"column":5}},"3":{"start":{"line":4,"column":4},"end":{"line":4,"column":21}},"4":{"start":{"line":7,"column":2},"end":{"line":9,"column":5}},"5":{"start":{"line":8,"column":4},"end":{"line":8,"column":46}},"6":{"start":{"line":12,"column":0},"end":{"line":12,"column":42}}},"branchMap":{},"code":["var myStepDefinitionsWrapper = function () {","","  this.When(/^I visit \"([^\"]*)\"$/, function (url) {","    browser.url(url);","  });","","  this.Then(/^I see the title of \"([^\"]*)\"$/, function (title) {","    expect(browser.getTitle()).toEqual(title);","  });","","};","module.exports = myStepDefinitionsWrapper;",""],"l":{"1":1,"3":0,"4":0,"7":0,"8":0,"12":1}}}